CRITICAL - 2024-04-20 16:40:31 --> There is no data to insert.
in SYSTEMPATH\BaseModel.php on line 1726.
 1 SYSTEMPATH\BaseModel.php(1726): CodeIgniter\Database\Exceptions\DataException::forEmptyDataset('insert')
 2 SYSTEMPATH\BaseModel.php(748): CodeIgniter\BaseModel->transformDataToArray(null, 'insert')
 3 SYSTEMPATH\Model.php(715): CodeIgniter\BaseModel->insert(null, true)
 4 APPPATH\Controllers\RcgaApplicationController.php(22): CodeIgniter\Model->insert(null)
 5 SYSTEMPATH\CodeIgniter.php(942): App\Controllers\RcgaApplicationController->passForm()
 6 SYSTEMPATH\CodeIgniter.php(502): CodeIgniter\CodeIgniter->runController(Object(App\Controllers\RcgaApplicationController))
 7 SYSTEMPATH\CodeIgniter.php(361): CodeIgniter\CodeIgniter->handleRequest(null, Object(Config\Cache), false)
 8 FCPATH\index.php(85): CodeIgniter\CodeIgniter->run()
 9 SYSTEMPATH\Commands\Server\rewrite.php(47): require_once('C:\\laragon\\www\\CapstoneProject\\front\\CODEIGNITER 4\\public\\index.php')
CRITICAL - 2024-04-20 16:40:31 --> There is no data to insert.
in SYSTEMPATH\BaseModel.php on line 1726.
 1 SYSTEMPATH\BaseModel.php(1726): CodeIgniter\Database\Exceptions\DataException::forEmptyDataset('insert')
 2 SYSTEMPATH\BaseModel.php(748): CodeIgniter\BaseModel->transformDataToArray(null, 'insert')
 3 SYSTEMPATH\Model.php(715): CodeIgniter\BaseModel->insert(null, true)
 4 APPPATH\Controllers\RcgaApplicationController.php(22): CodeIgniter\Model->insert(null)
 5 SYSTEMPATH\CodeIgniter.php(942): App\Controllers\RcgaApplicationController->passForm()
 6 SYSTEMPATH\CodeIgniter.php(502): CodeIgniter\CodeIgniter->runController(Object(App\Controllers\RcgaApplicationController))
 7 SYSTEMPATH\CodeIgniter.php(361): CodeIgniter\CodeIgniter->handleRequest(null, Object(Config\Cache), false)
 8 FCPATH\index.php(85): CodeIgniter\CodeIgniter->run()
 9 SYSTEMPATH\Commands\Server\rewrite.php(47): require_once('C:\\laragon\\www\\CapstoneProject\\front\\CODEIGNITER 4\\public\\index.php')
CRITICAL - 2024-04-20 16:40:32 --> There is no data to insert.
in SYSTEMPATH\BaseModel.php on line 1726.
 1 SYSTEMPATH\BaseModel.php(1726): CodeIgniter\Database\Exceptions\DataException::forEmptyDataset('insert')
 2 SYSTEMPATH\BaseModel.php(748): CodeIgniter\BaseModel->transformDataToArray(null, 'insert')
 3 SYSTEMPATH\Model.php(715): CodeIgniter\BaseModel->insert(null, true)
 4 APPPATH\Controllers\RcgaApplicationController.php(22): CodeIgniter\Model->insert(null)
 5 SYSTEMPATH\CodeIgniter.php(942): App\Controllers\RcgaApplicationController->passForm()
 6 SYSTEMPATH\CodeIgniter.php(502): CodeIgniter\CodeIgniter->runController(Object(App\Controllers\RcgaApplicationController))
 7 SYSTEMPATH\CodeIgniter.php(361): CodeIgniter\CodeIgniter->handleRequest(null, Object(Config\Cache), false)
 8 FCPATH\index.php(85): CodeIgniter\CodeIgniter->run()
 9 SYSTEMPATH\Commands\Server\rewrite.php(47): require_once('C:\\laragon\\www\\CapstoneProject\\front\\CODEIGNITER 4\\public\\index.php')
CRITICAL - 2024-04-20 16:40:32 --> There is no data to insert.
in SYSTEMPATH\BaseModel.php on line 1726.
 1 SYSTEMPATH\BaseModel.php(1726): CodeIgniter\Database\Exceptions\DataException::forEmptyDataset('insert')
 2 SYSTEMPATH\BaseModel.php(748): CodeIgniter\BaseModel->transformDataToArray(null, 'insert')
 3 SYSTEMPATH\Model.php(715): CodeIgniter\BaseModel->insert(null, true)
 4 APPPATH\Controllers\RcgaApplicationController.php(22): CodeIgniter\Model->insert(null)
 5 SYSTEMPATH\CodeIgniter.php(942): App\Controllers\RcgaApplicationController->passForm()
 6 SYSTEMPATH\CodeIgniter.php(502): CodeIgniter\CodeIgniter->runController(Object(App\Controllers\RcgaApplicationController))
 7 SYSTEMPATH\CodeIgniter.php(361): CodeIgniter\CodeIgniter->handleRequest(null, Object(Config\Cache), false)
 8 FCPATH\index.php(85): CodeIgniter\CodeIgniter->run()
 9 SYSTEMPATH\Commands\Server\rewrite.php(47): require_once('C:\\laragon\\www\\CapstoneProject\\front\\CODEIGNITER 4\\public\\index.php')
CRITICAL - 2024-04-20 17:25:59 --> Undefined property: App\Controllers\AppointmentController::$notificationService
in APPPATH\Controllers\AppointmentController.php on line 40.
 1 APPPATH\Controllers\AppointmentController.php(40): CodeIgniter\Debug\Exceptions->errorHandler(2, 'Undefined property: App\\Controllers\\AppointmentController::$notificationService', 'C:\\laragon\\www\\CapstoneProject\\front\\CODEIGNITER 4\\app\\Controllers\\AppointmentController.php', 40)
 2 SYSTEMPATH\CodeIgniter.php(942): App\Controllers\AppointmentController->accept()
 3 SYSTEMPATH\CodeIgniter.php(502): CodeIgniter\CodeIgniter->runController(Object(App\Controllers\AppointmentController))
 4 SYSTEMPATH\CodeIgniter.php(361): CodeIgniter\CodeIgniter->handleRequest(null, Object(Config\Cache), false)
 5 FCPATH\index.php(85): CodeIgniter\CodeIgniter->run()
 6 SYSTEMPATH\Commands\Server\rewrite.php(47): require_once('C:\\laragon\\www\\CapstoneProject\\front\\CODEIGNITER 4\\public\\index.php')
