ERROR - 2023-12-27 17:03:46 --> mysqli_sql_exception: Unknown column 'age' in 'field list' in C:\laragon\www\CapstoneProject\front\CODEIGNITER 4\system\Database\MySQLi\Connection.php:306
Stack trace:
#0 C:\laragon\www\CapstoneProject\front\CODEIGNITER 4\system\Database\MySQLi\Connection.php(306): mysqli->query('INSERT INTO `rc...', 0)
#1 C:\laragon\www\CapstoneProject\front\CODEIGNITER 4\system\Database\BaseConnection.php(693): CodeIgniter\Database\MySQLi\Connection->execute('INSERT INTO `rc...')
#2 C:\laragon\www\CapstoneProject\front\CODEIGNITER 4\system\Database\BaseConnection.php(607): CodeIgniter\Database\BaseConnection->simpleQuery('INSERT INTO `rc...')
#3 C:\laragon\www\CapstoneProject\front\CODEIGNITER 4\system\Database\BaseBuilder.php(2308): CodeIgniter\Database\BaseConnection->query('INSERT INTO `rc...', Array, false)
#4 C:\laragon\www\CapstoneProject\front\CODEIGNITER 4\system\Model.php(319): CodeIgniter\Database\BaseBuilder->insert()
#5 C:\laragon\www\CapstoneProject\front\CODEIGNITER 4\system\BaseModel.php(788): CodeIgniter\Model->doInsert(Array)
#6 C:\laragon\www\CapstoneProject\front\CODEIGNITER 4\system\Model.php(715): CodeIgniter\BaseModel->insert(Array, true)
#7 C:\laragon\www\CapstoneProject\front\CODEIGNITER 4\app\Controllers\RcgaApplicationController.php(22): CodeIgniter\Model->insert(Array)
#8 C:\laragon\www\CapstoneProject\front\CODEIGNITER 4\system\CodeIgniter.php(942): App\Controllers\RcgaApplicationController->passForm()
#9 C:\laragon\www\CapstoneProject\front\CODEIGNITER 4\system\CodeIgniter.php(502): CodeIgniter\CodeIgniter->runController(Object(App\Controllers\RcgaApplicationController))
#10 C:\laragon\www\CapstoneProject\front\CODEIGNITER 4\system\CodeIgniter.php(361): CodeIgniter\CodeIgniter->handleRequest(NULL, Object(Config\Cache), false)
#11 C:\laragon\www\CapstoneProject\front\CODEIGNITER 4\public\index.php(85): CodeIgniter\CodeIgniter->run()
#12 C:\laragon\www\CapstoneProject\front\CODEIGNITER 4\system\Commands\Server\rewrite.php(47): require_once('C:\\laragon\\www\\...')
#13 {main}
CRITICAL - 2023-12-27 17:03:46 --> Unknown column 'age' in 'field list'
in SYSTEMPATH\Database\BaseConnection.php on line 647.
 1 SYSTEMPATH\Database\BaseBuilder.php(2308): CodeIgniter\Database\BaseConnection->query('INSERT INTO `rcga_applications` (`name`, `nationality`, `dob`, `passport`, `address`, `telephone`, `email`, `occupation`, `club`, `applicationDate`, `age`) VALUES (:name:, :nationality:, :dob:, :passport:, :address:, :telephone:, :email:, :occupation:, :club:, :applicationDate:, :age:)', [...], false)
 2 SYSTEMPATH\Model.php(319): CodeIgniter\Database\BaseBuilder->insert()
 3 SYSTEMPATH\BaseModel.php(788): CodeIgniter\Model->doInsert([...])
 4 SYSTEMPATH\Model.php(715): CodeIgniter\BaseModel->insert([...], true)
 5 APPPATH\Controllers\RcgaApplicationController.php(22): CodeIgniter\Model->insert([...])
 6 SYSTEMPATH\CodeIgniter.php(942): App\Controllers\RcgaApplicationController->passForm()
 7 SYSTEMPATH\CodeIgniter.php(502): CodeIgniter\CodeIgniter->runController(Object(App\Controllers\RcgaApplicationController))
 8 SYSTEMPATH\CodeIgniter.php(361): CodeIgniter\CodeIgniter->handleRequest(null, Object(Config\Cache), false)
 9 FCPATH\index.php(85): CodeIgniter\CodeIgniter->run()
10 SYSTEMPATH\Commands\Server\rewrite.php(47): require_once('C:\\laragon\\www\\CapstoneProject\\front\\CODEIGNITER 4\\public\\index.php')
ERROR - 2023-12-27 17:03:54 --> mysqli_sql_exception: Unknown column 'age' in 'field list' in C:\laragon\www\CapstoneProject\front\CODEIGNITER 4\system\Database\MySQLi\Connection.php:306
Stack trace:
#0 C:\laragon\www\CapstoneProject\front\CODEIGNITER 4\system\Database\MySQLi\Connection.php(306): mysqli->query('INSERT INTO `rc...', 0)
#1 C:\laragon\www\CapstoneProject\front\CODEIGNITER 4\system\Database\BaseConnection.php(693): CodeIgniter\Database\MySQLi\Connection->execute('INSERT INTO `rc...')
#2 C:\laragon\www\CapstoneProject\front\CODEIGNITER 4\system\Database\BaseConnection.php(607): CodeIgniter\Database\BaseConnection->simpleQuery('INSERT INTO `rc...')
#3 C:\laragon\www\CapstoneProject\front\CODEIGNITER 4\system\Database\BaseBuilder.php(2308): CodeIgniter\Database\BaseConnection->query('INSERT INTO `rc...', Array, false)
#4 C:\laragon\www\CapstoneProject\front\CODEIGNITER 4\system\Model.php(319): CodeIgniter\Database\BaseBuilder->insert()
#5 C:\laragon\www\CapstoneProject\front\CODEIGNITER 4\system\BaseModel.php(788): CodeIgniter\Model->doInsert(Array)
#6 C:\laragon\www\CapstoneProject\front\CODEIGNITER 4\system\Model.php(715): CodeIgniter\BaseModel->insert(Array, true)
#7 C:\laragon\www\CapstoneProject\front\CODEIGNITER 4\app\Controllers\RcgaApplicationController.php(22): CodeIgniter\Model->insert(Array)
#8 C:\laragon\www\CapstoneProject\front\CODEIGNITER 4\system\CodeIgniter.php(942): App\Controllers\RcgaApplicationController->passForm()
#9 C:\laragon\www\CapstoneProject\front\CODEIGNITER 4\system\CodeIgniter.php(502): CodeIgniter\CodeIgniter->runController(Object(App\Controllers\RcgaApplicationController))
#10 C:\laragon\www\CapstoneProject\front\CODEIGNITER 4\system\CodeIgniter.php(361): CodeIgniter\CodeIgniter->handleRequest(NULL, Object(Config\Cache), false)
#11 C:\laragon\www\CapstoneProject\front\CODEIGNITER 4\public\index.php(85): CodeIgniter\CodeIgniter->run()
#12 C:\laragon\www\CapstoneProject\front\CODEIGNITER 4\system\Commands\Server\rewrite.php(47): require_once('C:\\laragon\\www\\...')
#13 {main}
CRITICAL - 2023-12-27 17:03:54 --> Unknown column 'age' in 'field list'
in SYSTEMPATH\Database\BaseConnection.php on line 647.
 1 SYSTEMPATH\Database\BaseBuilder.php(2308): CodeIgniter\Database\BaseConnection->query('INSERT INTO `rcga_applications` (`name`, `nationality`, `dob`, `passport`, `address`, `telephone`, `email`, `occupation`, `club`, `applicationDate`, `age`) VALUES (:name:, :nationality:, :dob:, :passport:, :address:, :telephone:, :email:, :occupation:, :club:, :applicationDate:, :age:)', [...], false)
 2 SYSTEMPATH\Model.php(319): CodeIgniter\Database\BaseBuilder->insert()
 3 SYSTEMPATH\BaseModel.php(788): CodeIgniter\Model->doInsert([...])
 4 SYSTEMPATH\Model.php(715): CodeIgniter\BaseModel->insert([...], true)
 5 APPPATH\Controllers\RcgaApplicationController.php(22): CodeIgniter\Model->insert([...])
 6 SYSTEMPATH\CodeIgniter.php(942): App\Controllers\RcgaApplicationController->passForm()
 7 SYSTEMPATH\CodeIgniter.php(502): CodeIgniter\CodeIgniter->runController(Object(App\Controllers\RcgaApplicationController))
 8 SYSTEMPATH\CodeIgniter.php(361): CodeIgniter\CodeIgniter->handleRequest(null, Object(Config\Cache), false)
 9 FCPATH\index.php(85): CodeIgniter\CodeIgniter->run()
10 SYSTEMPATH\Commands\Server\rewrite.php(47): require_once('C:\\laragon\\www\\CapstoneProject\\front\\CODEIGNITER 4\\public\\index.php')
ERROR - 2023-12-27 17:04:46 --> mysqli_sql_exception: Unknown column 'age' in 'field list' in C:\laragon\www\CapstoneProject\front\CODEIGNITER 4\system\Database\MySQLi\Connection.php:306
Stack trace:
#0 C:\laragon\www\CapstoneProject\front\CODEIGNITER 4\system\Database\MySQLi\Connection.php(306): mysqli->query('INSERT INTO `rc...', 0)
#1 C:\laragon\www\CapstoneProject\front\CODEIGNITER 4\system\Database\BaseConnection.php(693): CodeIgniter\Database\MySQLi\Connection->execute('INSERT INTO `rc...')
#2 C:\laragon\www\CapstoneProject\front\CODEIGNITER 4\system\Database\BaseConnection.php(607): CodeIgniter\Database\BaseConnection->simpleQuery('INSERT INTO `rc...')
#3 C:\laragon\www\CapstoneProject\front\CODEIGNITER 4\system\Database\BaseBuilder.php(2308): CodeIgniter\Database\BaseConnection->query('INSERT INTO `rc...', Array, false)
#4 C:\laragon\www\CapstoneProject\front\CODEIGNITER 4\system\Model.php(319): CodeIgniter\Database\BaseBuilder->insert()
#5 C:\laragon\www\CapstoneProject\front\CODEIGNITER 4\system\BaseModel.php(788): CodeIgniter\Model->doInsert(Array)
#6 C:\laragon\www\CapstoneProject\front\CODEIGNITER 4\system\Model.php(715): CodeIgniter\BaseModel->insert(Array, true)
#7 C:\laragon\www\CapstoneProject\front\CODEIGNITER 4\app\Controllers\RcgaApplicationController.php(22): CodeIgniter\Model->insert(Array)
#8 C:\laragon\www\CapstoneProject\front\CODEIGNITER 4\system\CodeIgniter.php(942): App\Controllers\RcgaApplicationController->passForm()
#9 C:\laragon\www\CapstoneProject\front\CODEIGNITER 4\system\CodeIgniter.php(502): CodeIgniter\CodeIgniter->runController(Object(App\Controllers\RcgaApplicationController))
#10 C:\laragon\www\CapstoneProject\front\CODEIGNITER 4\system\CodeIgniter.php(361): CodeIgniter\CodeIgniter->handleRequest(NULL, Object(Config\Cache), false)
#11 C:\laragon\www\CapstoneProject\front\CODEIGNITER 4\public\index.php(85): CodeIgniter\CodeIgniter->run()
#12 C:\laragon\www\CapstoneProject\front\CODEIGNITER 4\system\Commands\Server\rewrite.php(47): require_once('C:\\laragon\\www\\...')
#13 {main}
CRITICAL - 2023-12-27 17:04:46 --> Unknown column 'age' in 'field list'
in SYSTEMPATH\Database\BaseConnection.php on line 647.
 1 SYSTEMPATH\Database\BaseBuilder.php(2308): CodeIgniter\Database\BaseConnection->query('INSERT INTO `rcga_applications` (`name`, `nationality`, `dob`, `passport`, `address`, `telephone`, `email`, `occupation`, `club`, `applicationDate`, `age`) VALUES (:name:, :nationality:, :dob:, :passport:, :address:, :telephone:, :email:, :occupation:, :club:, :applicationDate:, :age:)', [...], false)
 2 SYSTEMPATH\Model.php(319): CodeIgniter\Database\BaseBuilder->insert()
 3 SYSTEMPATH\BaseModel.php(788): CodeIgniter\Model->doInsert([...])
 4 SYSTEMPATH\Model.php(715): CodeIgniter\BaseModel->insert([...], true)
 5 APPPATH\Controllers\RcgaApplicationController.php(22): CodeIgniter\Model->insert([...])
 6 SYSTEMPATH\CodeIgniter.php(942): App\Controllers\RcgaApplicationController->passForm()
 7 SYSTEMPATH\CodeIgniter.php(502): CodeIgniter\CodeIgniter->runController(Object(App\Controllers\RcgaApplicationController))
 8 SYSTEMPATH\CodeIgniter.php(361): CodeIgniter\CodeIgniter->handleRequest(null, Object(Config\Cache), false)
 9 FCPATH\index.php(85): CodeIgniter\CodeIgniter->run()
10 SYSTEMPATH\Commands\Server\rewrite.php(47): require_once('C:\\laragon\\www\\CapstoneProject\\front\\CODEIGNITER 4\\public\\index.php')
ERROR - 2023-12-27 17:06:08 --> mysqli_sql_exception: Unknown column 'age' in 'field list' in C:\laragon\www\CapstoneProject\front\CODEIGNITER 4\system\Database\MySQLi\Connection.php:306
Stack trace:
#0 C:\laragon\www\CapstoneProject\front\CODEIGNITER 4\system\Database\MySQLi\Connection.php(306): mysqli->query('INSERT INTO `rc...', 0)
#1 C:\laragon\www\CapstoneProject\front\CODEIGNITER 4\system\Database\BaseConnection.php(693): CodeIgniter\Database\MySQLi\Connection->execute('INSERT INTO `rc...')
#2 C:\laragon\www\CapstoneProject\front\CODEIGNITER 4\system\Database\BaseConnection.php(607): CodeIgniter\Database\BaseConnection->simpleQuery('INSERT INTO `rc...')
#3 C:\laragon\www\CapstoneProject\front\CODEIGNITER 4\system\Database\BaseBuilder.php(2308): CodeIgniter\Database\BaseConnection->query('INSERT INTO `rc...', Array, false)
#4 C:\laragon\www\CapstoneProject\front\CODEIGNITER 4\system\Model.php(319): CodeIgniter\Database\BaseBuilder->insert()
#5 C:\laragon\www\CapstoneProject\front\CODEIGNITER 4\system\BaseModel.php(788): CodeIgniter\Model->doInsert(Array)
#6 C:\laragon\www\CapstoneProject\front\CODEIGNITER 4\system\Model.php(715): CodeIgniter\BaseModel->insert(Array, true)
#7 C:\laragon\www\CapstoneProject\front\CODEIGNITER 4\app\Controllers\RcgaApplicationController.php(22): CodeIgniter\Model->insert(Array)
#8 C:\laragon\www\CapstoneProject\front\CODEIGNITER 4\system\CodeIgniter.php(942): App\Controllers\RcgaApplicationController->passForm()
#9 C:\laragon\www\CapstoneProject\front\CODEIGNITER 4\system\CodeIgniter.php(502): CodeIgniter\CodeIgniter->runController(Object(App\Controllers\RcgaApplicationController))
#10 C:\laragon\www\CapstoneProject\front\CODEIGNITER 4\system\CodeIgniter.php(361): CodeIgniter\CodeIgniter->handleRequest(NULL, Object(Config\Cache), false)
#11 C:\laragon\www\CapstoneProject\front\CODEIGNITER 4\public\index.php(85): CodeIgniter\CodeIgniter->run()
#12 C:\laragon\www\CapstoneProject\front\CODEIGNITER 4\system\Commands\Server\rewrite.php(47): require_once('C:\\laragon\\www\\...')
#13 {main}
CRITICAL - 2023-12-27 17:06:08 --> Unknown column 'age' in 'field list'
in SYSTEMPATH\Database\BaseConnection.php on line 647.
 1 SYSTEMPATH\Database\BaseBuilder.php(2308): CodeIgniter\Database\BaseConnection->query('INSERT INTO `rcga_applications` (`name`, `nationality`, `dob`, `passport`, `address`, `telephone`, `email`, `occupation`, `club`, `applicationDate`, `age`) VALUES (:name:, :nationality:, :dob:, :passport:, :address:, :telephone:, :email:, :occupation:, :club:, :applicationDate:, :age:)', [...], false)
 2 SYSTEMPATH\Model.php(319): CodeIgniter\Database\BaseBuilder->insert()
 3 SYSTEMPATH\BaseModel.php(788): CodeIgniter\Model->doInsert([...])
 4 SYSTEMPATH\Model.php(715): CodeIgniter\BaseModel->insert([...], true)
 5 APPPATH\Controllers\RcgaApplicationController.php(22): CodeIgniter\Model->insert([...])
 6 SYSTEMPATH\CodeIgniter.php(942): App\Controllers\RcgaApplicationController->passForm()
 7 SYSTEMPATH\CodeIgniter.php(502): CodeIgniter\CodeIgniter->runController(Object(App\Controllers\RcgaApplicationController))
 8 SYSTEMPATH\CodeIgniter.php(361): CodeIgniter\CodeIgniter->handleRequest(null, Object(Config\Cache), false)
 9 FCPATH\index.php(85): CodeIgniter\CodeIgniter->run()
10 SYSTEMPATH\Commands\Server\rewrite.php(47): require_once('C:\\laragon\\www\\CapstoneProject\\front\\CODEIGNITER 4\\public\\index.php')
CRITICAL - 2023-12-27 17:16:36 --> Undefined array key "status"
in APPPATH\Controllers\AppointmentController.php on line 82.
 1 APPPATH\Controllers\AppointmentController.php(82): CodeIgniter\Debug\Exceptions->errorHandler(2, 'Undefined array key "status"', 'C:\\laragon\\www\\CapstoneProject\\front\\CODEIGNITER 4\\app\\Controllers\\AppointmentController.php', 82)
 2 SYSTEMPATH\CodeIgniter.php(942): App\Controllers\AppointmentController->userStatus()
 3 SYSTEMPATH\CodeIgniter.php(502): CodeIgniter\CodeIgniter->runController(Object(App\Controllers\AppointmentController))
 4 SYSTEMPATH\CodeIgniter.php(361): CodeIgniter\CodeIgniter->handleRequest(null, Object(Config\Cache), false)
 5 FCPATH\index.php(85): CodeIgniter\CodeIgniter->run()
 6 SYSTEMPATH\Commands\Server\rewrite.php(47): require_once('C:\\laragon\\www\\CapstoneProject\\front\\CODEIGNITER 4\\public\\index.php')
CRITICAL - 2023-12-27 17:16:40 --> Undefined array key "status"
in APPPATH\Controllers\AppointmentController.php on line 82.
 1 APPPATH\Controllers\AppointmentController.php(82): CodeIgniter\Debug\Exceptions->errorHandler(2, 'Undefined array key "status"', 'C:\\laragon\\www\\CapstoneProject\\front\\CODEIGNITER 4\\app\\Controllers\\AppointmentController.php', 82)
 2 SYSTEMPATH\CodeIgniter.php(942): App\Controllers\AppointmentController->userStatus()
 3 SYSTEMPATH\CodeIgniter.php(502): CodeIgniter\CodeIgniter->runController(Object(App\Controllers\AppointmentController))
 4 SYSTEMPATH\CodeIgniter.php(361): CodeIgniter\CodeIgniter->handleRequest(null, Object(Config\Cache), false)
 5 FCPATH\index.php(85): CodeIgniter\CodeIgniter->run()
 6 SYSTEMPATH\Commands\Server\rewrite.php(47): require_once('C:\\laragon\\www\\CapstoneProject\\front\\CODEIGNITER 4\\public\\index.php')
CRITICAL - 2023-12-27 17:16:54 --> Undefined array key "status"
in APPPATH\Controllers\AppointmentController.php on line 80.
 1 APPPATH\Controllers\AppointmentController.php(80): CodeIgniter\Debug\Exceptions->errorHandler(2, 'Undefined array key "status"', 'C:\\laragon\\www\\CapstoneProject\\front\\CODEIGNITER 4\\app\\Controllers\\AppointmentController.php', 80)
 2 SYSTEMPATH\CodeIgniter.php(942): App\Controllers\AppointmentController->UserStatus()
 3 SYSTEMPATH\CodeIgniter.php(502): CodeIgniter\CodeIgniter->runController(Object(App\Controllers\AppointmentController))
 4 SYSTEMPATH\CodeIgniter.php(361): CodeIgniter\CodeIgniter->handleRequest(null, Object(Config\Cache), false)
 5 FCPATH\index.php(85): CodeIgniter\CodeIgniter->run()
 6 SYSTEMPATH\Commands\Server\rewrite.php(47): require_once('C:\\laragon\\www\\CapstoneProject\\front\\CODEIGNITER 4\\public\\index.php')
CRITICAL - 2023-12-27 17:17:08 --> Undefined array key "status"
in APPPATH\Controllers\AppointmentController.php on line 80.
 1 APPPATH\Controllers\AppointmentController.php(80): CodeIgniter\Debug\Exceptions->errorHandler(2, 'Undefined array key "status"', 'C:\\laragon\\www\\CapstoneProject\\front\\CODEIGNITER 4\\app\\Controllers\\AppointmentController.php', 80)
 2 SYSTEMPATH\CodeIgniter.php(942): App\Controllers\AppointmentController->UserStatus()
 3 SYSTEMPATH\CodeIgniter.php(502): CodeIgniter\CodeIgniter->runController(Object(App\Controllers\AppointmentController))
 4 SYSTEMPATH\CodeIgniter.php(361): CodeIgniter\CodeIgniter->handleRequest(null, Object(Config\Cache), false)
 5 FCPATH\index.php(85): CodeIgniter\CodeIgniter->run()
 6 SYSTEMPATH\Commands\Server\rewrite.php(47): require_once('C:\\laragon\\www\\CapstoneProject\\front\\CODEIGNITER 4\\public\\index.php')
ERROR - 2023-12-27 17:24:17 --> mysqli_sql_exception: Unknown column 'age' in 'field list' in C:\laragon\www\CapstoneProject\front\CODEIGNITER 4\system\Database\MySQLi\Connection.php:306
Stack trace:
#0 C:\laragon\www\CapstoneProject\front\CODEIGNITER 4\system\Database\MySQLi\Connection.php(306): mysqli->query('INSERT INTO `rc...', 0)
#1 C:\laragon\www\CapstoneProject\front\CODEIGNITER 4\system\Database\BaseConnection.php(693): CodeIgniter\Database\MySQLi\Connection->execute('INSERT INTO `rc...')
#2 C:\laragon\www\CapstoneProject\front\CODEIGNITER 4\system\Database\BaseConnection.php(607): CodeIgniter\Database\BaseConnection->simpleQuery('INSERT INTO `rc...')
#3 C:\laragon\www\CapstoneProject\front\CODEIGNITER 4\system\Database\BaseBuilder.php(2308): CodeIgniter\Database\BaseConnection->query('INSERT INTO `rc...', Array, false)
#4 C:\laragon\www\CapstoneProject\front\CODEIGNITER 4\system\Model.php(319): CodeIgniter\Database\BaseBuilder->insert()
#5 C:\laragon\www\CapstoneProject\front\CODEIGNITER 4\system\BaseModel.php(788): CodeIgniter\Model->doInsert(Array)
#6 C:\laragon\www\CapstoneProject\front\CODEIGNITER 4\system\Model.php(715): CodeIgniter\BaseModel->insert(Array, true)
#7 C:\laragon\www\CapstoneProject\front\CODEIGNITER 4\app\Controllers\RcgaApplicationController.php(22): CodeIgniter\Model->insert(Array)
#8 C:\laragon\www\CapstoneProject\front\CODEIGNITER 4\system\CodeIgniter.php(942): App\Controllers\RcgaApplicationController->passForm()
#9 C:\laragon\www\CapstoneProject\front\CODEIGNITER 4\system\CodeIgniter.php(502): CodeIgniter\CodeIgniter->runController(Object(App\Controllers\RcgaApplicationController))
#10 C:\laragon\www\CapstoneProject\front\CODEIGNITER 4\system\CodeIgniter.php(361): CodeIgniter\CodeIgniter->handleRequest(NULL, Object(Config\Cache), false)
#11 C:\laragon\www\CapstoneProject\front\CODEIGNITER 4\public\index.php(85): CodeIgniter\CodeIgniter->run()
#12 C:\laragon\www\CapstoneProject\front\CODEIGNITER 4\system\Commands\Server\rewrite.php(47): require_once('C:\\laragon\\www\\...')
#13 {main}
CRITICAL - 2023-12-27 17:24:17 --> Unknown column 'age' in 'field list'
in SYSTEMPATH\Database\BaseConnection.php on line 647.
 1 SYSTEMPATH\Database\BaseBuilder.php(2308): CodeIgniter\Database\BaseConnection->query('INSERT INTO `rcga_applications` (`name`, `nationality`, `dob`, `passport`, `address`, `telephone`, `email`, `occupation`, `club`, `applicationDate`, `age`) VALUES (:name:, :nationality:, :dob:, :passport:, :address:, :telephone:, :email:, :occupation:, :club:, :applicationDate:, :age:)', [...], false)
 2 SYSTEMPATH\Model.php(319): CodeIgniter\Database\BaseBuilder->insert()
 3 SYSTEMPATH\BaseModel.php(788): CodeIgniter\Model->doInsert([...])
 4 SYSTEMPATH\Model.php(715): CodeIgniter\BaseModel->insert([...], true)
 5 APPPATH\Controllers\RcgaApplicationController.php(22): CodeIgniter\Model->insert([...])
 6 SYSTEMPATH\CodeIgniter.php(942): App\Controllers\RcgaApplicationController->passForm()
 7 SYSTEMPATH\CodeIgniter.php(502): CodeIgniter\CodeIgniter->runController(Object(App\Controllers\RcgaApplicationController))
 8 SYSTEMPATH\CodeIgniter.php(361): CodeIgniter\CodeIgniter->handleRequest(null, Object(Config\Cache), false)
 9 FCPATH\index.php(85): CodeIgniter\CodeIgniter->run()
10 SYSTEMPATH\Commands\Server\rewrite.php(47): require_once('C:\\laragon\\www\\CapstoneProject\\front\\CODEIGNITER 4\\public\\index.php')
CRITICAL - 2023-12-27 17:31:55 --> Undefined property: CodeIgniter\Autoloader\Autoloader::$request
in APPPATH\Controllers\RcgaApplicationController.php on line 29.
 1 APPPATH\Controllers\RcgaApplicationController.php(29): CodeIgniter\Debug\Exceptions->errorHandler(2, 'Undefined property: CodeIgniter\\Autoloader\\Autoloader::$request', 'C:\\laragon\\www\\CapstoneProject\\front\\CODEIGNITER 4\\app\\Controllers\\RcgaApplicationController.php', 29)
 2 SYSTEMPATH\Autoloader\Autoloader.php(312): include_once('C:\\laragon\\www\\CapstoneProject\\front\\CODEIGNITER 4\\app\\Controllers\\RcgaApplicationController.php')
 3 SYSTEMPATH\Autoloader\Autoloader.php(291): CodeIgniter\Autoloader\Autoloader->includeFile('C:\\laragon\\www\\CapstoneProject\\front\\CODEIGNITER 4\\app\\Controllers\\RcgaApplicationController.php')
 4 SYSTEMPATH\Autoloader\Autoloader.php(269): CodeIgniter\Autoloader\Autoloader->loadInNamespace('App\\Controllers\\RcgaApplicationController')
 5 [internal function]: CodeIgniter\Autoloader\Autoloader->loadClass('App\\Controllers\\RcgaApplicationController')
 6 SYSTEMPATH\CodeIgniter.php(900): class_exists('\\App\\Controllers\\RcgaApplicationController', true)
 7 SYSTEMPATH\CodeIgniter.php(489): CodeIgniter\CodeIgniter->startController()
 8 SYSTEMPATH\CodeIgniter.php(361): CodeIgniter\CodeIgniter->handleRequest(null, Object(Config\Cache), false)
 9 FCPATH\index.php(85): CodeIgniter\CodeIgniter->run()
10 SYSTEMPATH\Commands\Server\rewrite.php(47): require_once('C:\\laragon\\www\\CapstoneProject\\front\\CODEIGNITER 4\\public\\index.php')
CRITICAL - 2023-12-27 17:31:56 --> Undefined property: CodeIgniter\Autoloader\Autoloader::$request
in APPPATH\Controllers\RcgaApplicationController.php on line 29.
 1 APPPATH\Controllers\RcgaApplicationController.php(29): CodeIgniter\Debug\Exceptions->errorHandler(2, 'Undefined property: CodeIgniter\\Autoloader\\Autoloader::$request', 'C:\\laragon\\www\\CapstoneProject\\front\\CODEIGNITER 4\\app\\Controllers\\RcgaApplicationController.php', 29)
 2 SYSTEMPATH\Autoloader\Autoloader.php(312): include_once('C:\\laragon\\www\\CapstoneProject\\front\\CODEIGNITER 4\\app\\Controllers\\RcgaApplicationController.php')
 3 SYSTEMPATH\Autoloader\Autoloader.php(291): CodeIgniter\Autoloader\Autoloader->includeFile('C:\\laragon\\www\\CapstoneProject\\front\\CODEIGNITER 4\\app\\Controllers\\RcgaApplicationController.php')
 4 SYSTEMPATH\Autoloader\Autoloader.php(269): CodeIgniter\Autoloader\Autoloader->loadInNamespace('App\\Controllers\\RcgaApplicationController')
 5 [internal function]: CodeIgniter\Autoloader\Autoloader->loadClass('App\\Controllers\\RcgaApplicationController')
 6 SYSTEMPATH\CodeIgniter.php(900): class_exists('\\App\\Controllers\\RcgaApplicationController', true)
 7 SYSTEMPATH\CodeIgniter.php(489): CodeIgniter\CodeIgniter->startController()
 8 SYSTEMPATH\CodeIgniter.php(361): CodeIgniter\CodeIgniter->handleRequest(null, Object(Config\Cache), false)
 9 FCPATH\index.php(85): CodeIgniter\CodeIgniter->run()
10 SYSTEMPATH\Commands\Server\rewrite.php(47): require_once('C:\\laragon\\www\\CapstoneProject\\front\\CODEIGNITER 4\\public\\index.php')
CRITICAL - 2023-12-27 17:31:56 --> Undefined property: CodeIgniter\Autoloader\Autoloader::$request
in APPPATH\Controllers\RcgaApplicationController.php on line 29.
 1 APPPATH\Controllers\RcgaApplicationController.php(29): CodeIgniter\Debug\Exceptions->errorHandler(2, 'Undefined property: CodeIgniter\\Autoloader\\Autoloader::$request', 'C:\\laragon\\www\\CapstoneProject\\front\\CODEIGNITER 4\\app\\Controllers\\RcgaApplicationController.php', 29)
 2 SYSTEMPATH\Autoloader\Autoloader.php(312): include_once('C:\\laragon\\www\\CapstoneProject\\front\\CODEIGNITER 4\\app\\Controllers\\RcgaApplicationController.php')
 3 SYSTEMPATH\Autoloader\Autoloader.php(291): CodeIgniter\Autoloader\Autoloader->includeFile('C:\\laragon\\www\\CapstoneProject\\front\\CODEIGNITER 4\\app\\Controllers\\RcgaApplicationController.php')
 4 SYSTEMPATH\Autoloader\Autoloader.php(269): CodeIgniter\Autoloader\Autoloader->loadInNamespace('App\\Controllers\\RcgaApplicationController')
 5 [internal function]: CodeIgniter\Autoloader\Autoloader->loadClass('App\\Controllers\\RcgaApplicationController')
 6 SYSTEMPATH\CodeIgniter.php(900): class_exists('\\App\\Controllers\\RcgaApplicationController', true)
 7 SYSTEMPATH\CodeIgniter.php(489): CodeIgniter\CodeIgniter->startController()
 8 SYSTEMPATH\CodeIgniter.php(361): CodeIgniter\CodeIgniter->handleRequest(null, Object(Config\Cache), false)
 9 FCPATH\index.php(85): CodeIgniter\CodeIgniter->run()
10 SYSTEMPATH\Commands\Server\rewrite.php(47): require_once('C:\\laragon\\www\\CapstoneProject\\front\\CODEIGNITER 4\\public\\index.php')
CRITICAL - 2023-12-27 17:31:56 --> Undefined property: CodeIgniter\Autoloader\Autoloader::$request
in APPPATH\Controllers\RcgaApplicationController.php on line 29.
 1 APPPATH\Controllers\RcgaApplicationController.php(29): CodeIgniter\Debug\Exceptions->errorHandler(2, 'Undefined property: CodeIgniter\\Autoloader\\Autoloader::$request', 'C:\\laragon\\www\\CapstoneProject\\front\\CODEIGNITER 4\\app\\Controllers\\RcgaApplicationController.php', 29)
 2 SYSTEMPATH\Autoloader\Autoloader.php(312): include_once('C:\\laragon\\www\\CapstoneProject\\front\\CODEIGNITER 4\\app\\Controllers\\RcgaApplicationController.php')
 3 SYSTEMPATH\Autoloader\Autoloader.php(291): CodeIgniter\Autoloader\Autoloader->includeFile('C:\\laragon\\www\\CapstoneProject\\front\\CODEIGNITER 4\\app\\Controllers\\RcgaApplicationController.php')
 4 SYSTEMPATH\Autoloader\Autoloader.php(269): CodeIgniter\Autoloader\Autoloader->loadInNamespace('App\\Controllers\\RcgaApplicationController')
 5 [internal function]: CodeIgniter\Autoloader\Autoloader->loadClass('App\\Controllers\\RcgaApplicationController')
 6 SYSTEMPATH\CodeIgniter.php(900): class_exists('\\App\\Controllers\\RcgaApplicationController', true)
 7 SYSTEMPATH\CodeIgniter.php(489): CodeIgniter\CodeIgniter->startController()
 8 SYSTEMPATH\CodeIgniter.php(361): CodeIgniter\CodeIgniter->handleRequest(null, Object(Config\Cache), false)
 9 FCPATH\index.php(85): CodeIgniter\CodeIgniter->run()
10 SYSTEMPATH\Commands\Server\rewrite.php(47): require_once('C:\\laragon\\www\\CapstoneProject\\front\\CODEIGNITER 4\\public\\index.php')
CRITICAL - 2023-12-27 17:31:56 --> Undefined property: CodeIgniter\Autoloader\Autoloader::$request
in APPPATH\Controllers\RcgaApplicationController.php on line 29.
 1 APPPATH\Controllers\RcgaApplicationController.php(29): CodeIgniter\Debug\Exceptions->errorHandler(2, 'Undefined property: CodeIgniter\\Autoloader\\Autoloader::$request', 'C:\\laragon\\www\\CapstoneProject\\front\\CODEIGNITER 4\\app\\Controllers\\RcgaApplicationController.php', 29)
 2 SYSTEMPATH\Autoloader\Autoloader.php(312): include_once('C:\\laragon\\www\\CapstoneProject\\front\\CODEIGNITER 4\\app\\Controllers\\RcgaApplicationController.php')
 3 SYSTEMPATH\Autoloader\Autoloader.php(291): CodeIgniter\Autoloader\Autoloader->includeFile('C:\\laragon\\www\\CapstoneProject\\front\\CODEIGNITER 4\\app\\Controllers\\RcgaApplicationController.php')
 4 SYSTEMPATH\Autoloader\Autoloader.php(269): CodeIgniter\Autoloader\Autoloader->loadInNamespace('App\\Controllers\\RcgaApplicationController')
 5 [internal function]: CodeIgniter\Autoloader\Autoloader->loadClass('App\\Controllers\\RcgaApplicationController')
 6 SYSTEMPATH\CodeIgniter.php(900): class_exists('\\App\\Controllers\\RcgaApplicationController', true)
 7 SYSTEMPATH\CodeIgniter.php(489): CodeIgniter\CodeIgniter->startController()
 8 SYSTEMPATH\CodeIgniter.php(361): CodeIgniter\CodeIgniter->handleRequest(null, Object(Config\Cache), false)
 9 FCPATH\index.php(85): CodeIgniter\CodeIgniter->run()
10 SYSTEMPATH\Commands\Server\rewrite.php(47): require_once('C:\\laragon\\www\\CapstoneProject\\front\\CODEIGNITER 4\\public\\index.php')
ERROR - 2023-12-27 17:33:44 --> mysqli_sql_exception: Unknown column 'age' in 'field list' in C:\laragon\www\CapstoneProject\front\CODEIGNITER 4\system\Database\MySQLi\Connection.php:306
Stack trace:
#0 C:\laragon\www\CapstoneProject\front\CODEIGNITER 4\system\Database\MySQLi\Connection.php(306): mysqli->query('INSERT INTO `rc...', 0)
#1 C:\laragon\www\CapstoneProject\front\CODEIGNITER 4\system\Database\BaseConnection.php(693): CodeIgniter\Database\MySQLi\Connection->execute('INSERT INTO `rc...')
#2 C:\laragon\www\CapstoneProject\front\CODEIGNITER 4\system\Database\BaseConnection.php(607): CodeIgniter\Database\BaseConnection->simpleQuery('INSERT INTO `rc...')
#3 C:\laragon\www\CapstoneProject\front\CODEIGNITER 4\system\Database\BaseBuilder.php(2308): CodeIgniter\Database\BaseConnection->query('INSERT INTO `rc...', Array, false)
#4 C:\laragon\www\CapstoneProject\front\CODEIGNITER 4\system\Model.php(319): CodeIgniter\Database\BaseBuilder->insert()
#5 C:\laragon\www\CapstoneProject\front\CODEIGNITER 4\system\BaseModel.php(788): CodeIgniter\Model->doInsert(Array)
#6 C:\laragon\www\CapstoneProject\front\CODEIGNITER 4\system\Model.php(715): CodeIgniter\BaseModel->insert(Array, true)
#7 C:\laragon\www\CapstoneProject\front\CODEIGNITER 4\app\Controllers\RcgaApplicationController.php(25): CodeIgniter\Model->insert(Array)
#8 C:\laragon\www\CapstoneProject\front\CODEIGNITER 4\system\CodeIgniter.php(942): App\Controllers\RcgaApplicationController->passForm()
#9 C:\laragon\www\CapstoneProject\front\CODEIGNITER 4\system\CodeIgniter.php(502): CodeIgniter\CodeIgniter->runController(Object(App\Controllers\RcgaApplicationController))
#10 C:\laragon\www\CapstoneProject\front\CODEIGNITER 4\system\CodeIgniter.php(361): CodeIgniter\CodeIgniter->handleRequest(NULL, Object(Config\Cache), false)
#11 C:\laragon\www\CapstoneProject\front\CODEIGNITER 4\public\index.php(85): CodeIgniter\CodeIgniter->run()
#12 C:\laragon\www\CapstoneProject\front\CODEIGNITER 4\system\Commands\Server\rewrite.php(47): require_once('C:\\laragon\\www\\...')
#13 {main}
CRITICAL - 2023-12-27 17:33:44 --> Unknown column 'age' in 'field list'
in SYSTEMPATH\Database\BaseConnection.php on line 647.
 1 SYSTEMPATH\Database\BaseBuilder.php(2308): CodeIgniter\Database\BaseConnection->query('INSERT INTO `rcga_applications` (`name`, `nationality`, `dob`, `passport`, `address`, `telephone`, `email`, `occupation`, `club`, `applicationDate`, `age`) VALUES (:name:, :nationality:, :dob:, :passport:, :address:, :telephone:, :email:, :occupation:, :club:, :applicationDate:, :age:)', [...], false)
 2 SYSTEMPATH\Model.php(319): CodeIgniter\Database\BaseBuilder->insert()
 3 SYSTEMPATH\BaseModel.php(788): CodeIgniter\Model->doInsert([...])
 4 SYSTEMPATH\Model.php(715): CodeIgniter\BaseModel->insert([...], true)
 5 APPPATH\Controllers\RcgaApplicationController.php(25): CodeIgniter\Model->insert([...])
 6 SYSTEMPATH\CodeIgniter.php(942): App\Controllers\RcgaApplicationController->passForm()
 7 SYSTEMPATH\CodeIgniter.php(502): CodeIgniter\CodeIgniter->runController(Object(App\Controllers\RcgaApplicationController))
 8 SYSTEMPATH\CodeIgniter.php(361): CodeIgniter\CodeIgniter->handleRequest(null, Object(Config\Cache), false)
 9 FCPATH\index.php(85): CodeIgniter\CodeIgniter->run()
10 SYSTEMPATH\Commands\Server\rewrite.php(47): require_once('C:\\laragon\\www\\CapstoneProject\\front\\CODEIGNITER 4\\public\\index.php')
ERROR - 2023-12-27 17:33:52 --> mysqli_sql_exception: Unknown column 'age' in 'field list' in C:\laragon\www\CapstoneProject\front\CODEIGNITER 4\system\Database\MySQLi\Connection.php:306
Stack trace:
#0 C:\laragon\www\CapstoneProject\front\CODEIGNITER 4\system\Database\MySQLi\Connection.php(306): mysqli->query('INSERT INTO `rc...', 0)
#1 C:\laragon\www\CapstoneProject\front\CODEIGNITER 4\system\Database\BaseConnection.php(693): CodeIgniter\Database\MySQLi\Connection->execute('INSERT INTO `rc...')
#2 C:\laragon\www\CapstoneProject\front\CODEIGNITER 4\system\Database\BaseConnection.php(607): CodeIgniter\Database\BaseConnection->simpleQuery('INSERT INTO `rc...')
#3 C:\laragon\www\CapstoneProject\front\CODEIGNITER 4\system\Database\BaseBuilder.php(2308): CodeIgniter\Database\BaseConnection->query('INSERT INTO `rc...', Array, false)
#4 C:\laragon\www\CapstoneProject\front\CODEIGNITER 4\system\Model.php(319): CodeIgniter\Database\BaseBuilder->insert()
#5 C:\laragon\www\CapstoneProject\front\CODEIGNITER 4\system\BaseModel.php(788): CodeIgniter\Model->doInsert(Array)
#6 C:\laragon\www\CapstoneProject\front\CODEIGNITER 4\system\Model.php(715): CodeIgniter\BaseModel->insert(Array, true)
#7 C:\laragon\www\CapstoneProject\front\CODEIGNITER 4\app\Controllers\RcgaApplicationController.php(25): CodeIgniter\Model->insert(Array)
#8 C:\laragon\www\CapstoneProject\front\CODEIGNITER 4\system\CodeIgniter.php(942): App\Controllers\RcgaApplicationController->passForm()
#9 C:\laragon\www\CapstoneProject\front\CODEIGNITER 4\system\CodeIgniter.php(502): CodeIgniter\CodeIgniter->runController(Object(App\Controllers\RcgaApplicationController))
#10 C:\laragon\www\CapstoneProject\front\CODEIGNITER 4\system\CodeIgniter.php(361): CodeIgniter\CodeIgniter->handleRequest(NULL, Object(Config\Cache), false)
#11 C:\laragon\www\CapstoneProject\front\CODEIGNITER 4\public\index.php(85): CodeIgniter\CodeIgniter->run()
#12 C:\laragon\www\CapstoneProject\front\CODEIGNITER 4\system\Commands\Server\rewrite.php(47): require_once('C:\\laragon\\www\\...')
#13 {main}
CRITICAL - 2023-12-27 17:33:52 --> Unknown column 'age' in 'field list'
in SYSTEMPATH\Database\BaseConnection.php on line 647.
 1 SYSTEMPATH\Database\BaseBuilder.php(2308): CodeIgniter\Database\BaseConnection->query('INSERT INTO `rcga_applications` (`name`, `nationality`, `dob`, `passport`, `address`, `telephone`, `email`, `occupation`, `club`, `applicationDate`, `age`) VALUES (:name:, :nationality:, :dob:, :passport:, :address:, :telephone:, :email:, :occupation:, :club:, :applicationDate:, :age:)', [...], false)
 2 SYSTEMPATH\Model.php(319): CodeIgniter\Database\BaseBuilder->insert()
 3 SYSTEMPATH\BaseModel.php(788): CodeIgniter\Model->doInsert([...])
 4 SYSTEMPATH\Model.php(715): CodeIgniter\BaseModel->insert([...], true)
 5 APPPATH\Controllers\RcgaApplicationController.php(25): CodeIgniter\Model->insert([...])
 6 SYSTEMPATH\CodeIgniter.php(942): App\Controllers\RcgaApplicationController->passForm()
 7 SYSTEMPATH\CodeIgniter.php(502): CodeIgniter\CodeIgniter->runController(Object(App\Controllers\RcgaApplicationController))
 8 SYSTEMPATH\CodeIgniter.php(361): CodeIgniter\CodeIgniter->handleRequest(null, Object(Config\Cache), false)
 9 FCPATH\index.php(85): CodeIgniter\CodeIgniter->run()
10 SYSTEMPATH\Commands\Server\rewrite.php(47): require_once('C:\\laragon\\www\\CapstoneProject\\front\\CODEIGNITER 4\\public\\index.php')
ERROR - 2023-12-27 17:33:57 --> mysqli_sql_exception: Unknown column 'age' in 'field list' in C:\laragon\www\CapstoneProject\front\CODEIGNITER 4\system\Database\MySQLi\Connection.php:306
Stack trace:
#0 C:\laragon\www\CapstoneProject\front\CODEIGNITER 4\system\Database\MySQLi\Connection.php(306): mysqli->query('INSERT INTO `rc...', 0)
#1 C:\laragon\www\CapstoneProject\front\CODEIGNITER 4\system\Database\BaseConnection.php(693): CodeIgniter\Database\MySQLi\Connection->execute('INSERT INTO `rc...')
#2 C:\laragon\www\CapstoneProject\front\CODEIGNITER 4\system\Database\BaseConnection.php(607): CodeIgniter\Database\BaseConnection->simpleQuery('INSERT INTO `rc...')
#3 C:\laragon\www\CapstoneProject\front\CODEIGNITER 4\system\Database\BaseBuilder.php(2308): CodeIgniter\Database\BaseConnection->query('INSERT INTO `rc...', Array, false)
#4 C:\laragon\www\CapstoneProject\front\CODEIGNITER 4\system\Model.php(319): CodeIgniter\Database\BaseBuilder->insert()
#5 C:\laragon\www\CapstoneProject\front\CODEIGNITER 4\system\BaseModel.php(788): CodeIgniter\Model->doInsert(Array)
#6 C:\laragon\www\CapstoneProject\front\CODEIGNITER 4\system\Model.php(715): CodeIgniter\BaseModel->insert(Array, true)
#7 C:\laragon\www\CapstoneProject\front\CODEIGNITER 4\app\Controllers\RcgaApplicationController.php(25): CodeIgniter\Model->insert(Array)
#8 C:\laragon\www\CapstoneProject\front\CODEIGNITER 4\system\CodeIgniter.php(942): App\Controllers\RcgaApplicationController->passForm()
#9 C:\laragon\www\CapstoneProject\front\CODEIGNITER 4\system\CodeIgniter.php(502): CodeIgniter\CodeIgniter->runController(Object(App\Controllers\RcgaApplicationController))
#10 C:\laragon\www\CapstoneProject\front\CODEIGNITER 4\system\CodeIgniter.php(361): CodeIgniter\CodeIgniter->handleRequest(NULL, Object(Config\Cache), false)
#11 C:\laragon\www\CapstoneProject\front\CODEIGNITER 4\public\index.php(85): CodeIgniter\CodeIgniter->run()
#12 C:\laragon\www\CapstoneProject\front\CODEIGNITER 4\system\Commands\Server\rewrite.php(47): require_once('C:\\laragon\\www\\...')
#13 {main}
CRITICAL - 2023-12-27 17:33:57 --> Unknown column 'age' in 'field list'
in SYSTEMPATH\Database\BaseConnection.php on line 647.
 1 SYSTEMPATH\Database\BaseBuilder.php(2308): CodeIgniter\Database\BaseConnection->query('INSERT INTO `rcga_applications` (`name`, `nationality`, `dob`, `passport`, `address`, `telephone`, `email`, `occupation`, `club`, `applicationDate`, `age`) VALUES (:name:, :nationality:, :dob:, :passport:, :address:, :telephone:, :email:, :occupation:, :club:, :applicationDate:, :age:)', [...], false)
 2 SYSTEMPATH\Model.php(319): CodeIgniter\Database\BaseBuilder->insert()
 3 SYSTEMPATH\BaseModel.php(788): CodeIgniter\Model->doInsert([...])
 4 SYSTEMPATH\Model.php(715): CodeIgniter\BaseModel->insert([...], true)
 5 APPPATH\Controllers\RcgaApplicationController.php(25): CodeIgniter\Model->insert([...])
 6 SYSTEMPATH\CodeIgniter.php(942): App\Controllers\RcgaApplicationController->passForm()
 7 SYSTEMPATH\CodeIgniter.php(502): CodeIgniter\CodeIgniter->runController(Object(App\Controllers\RcgaApplicationController))
 8 SYSTEMPATH\CodeIgniter.php(361): CodeIgniter\CodeIgniter->handleRequest(null, Object(Config\Cache), false)
 9 FCPATH\index.php(85): CodeIgniter\CodeIgniter->run()
10 SYSTEMPATH\Commands\Server\rewrite.php(47): require_once('C:\\laragon\\www\\CapstoneProject\\front\\CODEIGNITER 4\\public\\index.php')
ERROR - 2023-12-27 17:33:59 --> mysqli_sql_exception: Unknown column 'age' in 'field list' in C:\laragon\www\CapstoneProject\front\CODEIGNITER 4\system\Database\MySQLi\Connection.php:306
Stack trace:
#0 C:\laragon\www\CapstoneProject\front\CODEIGNITER 4\system\Database\MySQLi\Connection.php(306): mysqli->query('INSERT INTO `rc...', 0)
#1 C:\laragon\www\CapstoneProject\front\CODEIGNITER 4\system\Database\BaseConnection.php(693): CodeIgniter\Database\MySQLi\Connection->execute('INSERT INTO `rc...')
#2 C:\laragon\www\CapstoneProject\front\CODEIGNITER 4\system\Database\BaseConnection.php(607): CodeIgniter\Database\BaseConnection->simpleQuery('INSERT INTO `rc...')
#3 C:\laragon\www\CapstoneProject\front\CODEIGNITER 4\system\Database\BaseBuilder.php(2308): CodeIgniter\Database\BaseConnection->query('INSERT INTO `rc...', Array, false)
#4 C:\laragon\www\CapstoneProject\front\CODEIGNITER 4\system\Model.php(319): CodeIgniter\Database\BaseBuilder->insert()
#5 C:\laragon\www\CapstoneProject\front\CODEIGNITER 4\system\BaseModel.php(788): CodeIgniter\Model->doInsert(Array)
#6 C:\laragon\www\CapstoneProject\front\CODEIGNITER 4\system\Model.php(715): CodeIgniter\BaseModel->insert(Array, true)
#7 C:\laragon\www\CapstoneProject\front\CODEIGNITER 4\app\Controllers\RcgaApplicationController.php(25): CodeIgniter\Model->insert(Array)
#8 C:\laragon\www\CapstoneProject\front\CODEIGNITER 4\system\CodeIgniter.php(942): App\Controllers\RcgaApplicationController->passForm()
#9 C:\laragon\www\CapstoneProject\front\CODEIGNITER 4\system\CodeIgniter.php(502): CodeIgniter\CodeIgniter->runController(Object(App\Controllers\RcgaApplicationController))
#10 C:\laragon\www\CapstoneProject\front\CODEIGNITER 4\system\CodeIgniter.php(361): CodeIgniter\CodeIgniter->handleRequest(NULL, Object(Config\Cache), false)
#11 C:\laragon\www\CapstoneProject\front\CODEIGNITER 4\public\index.php(85): CodeIgniter\CodeIgniter->run()
#12 C:\laragon\www\CapstoneProject\front\CODEIGNITER 4\system\Commands\Server\rewrite.php(47): require_once('C:\\laragon\\www\\...')
#13 {main}
CRITICAL - 2023-12-27 17:33:59 --> Unknown column 'age' in 'field list'
in SYSTEMPATH\Database\BaseConnection.php on line 647.
 1 SYSTEMPATH\Database\BaseBuilder.php(2308): CodeIgniter\Database\BaseConnection->query('INSERT INTO `rcga_applications` (`name`, `nationality`, `dob`, `passport`, `address`, `telephone`, `email`, `occupation`, `club`, `applicationDate`, `age`) VALUES (:name:, :nationality:, :dob:, :passport:, :address:, :telephone:, :email:, :occupation:, :club:, :applicationDate:, :age:)', [...], false)
 2 SYSTEMPATH\Model.php(319): CodeIgniter\Database\BaseBuilder->insert()
 3 SYSTEMPATH\BaseModel.php(788): CodeIgniter\Model->doInsert([...])
 4 SYSTEMPATH\Model.php(715): CodeIgniter\BaseModel->insert([...], true)
 5 APPPATH\Controllers\RcgaApplicationController.php(25): CodeIgniter\Model->insert([...])
 6 SYSTEMPATH\CodeIgniter.php(942): App\Controllers\RcgaApplicationController->passForm()
 7 SYSTEMPATH\CodeIgniter.php(502): CodeIgniter\CodeIgniter->runController(Object(App\Controllers\RcgaApplicationController))
 8 SYSTEMPATH\CodeIgniter.php(361): CodeIgniter\CodeIgniter->handleRequest(null, Object(Config\Cache), false)
 9 FCPATH\index.php(85): CodeIgniter\CodeIgniter->run()
10 SYSTEMPATH\Commands\Server\rewrite.php(47): require_once('C:\\laragon\\www\\CapstoneProject\\front\\CODEIGNITER 4\\public\\index.php')
ERROR - 2023-12-27 17:33:59 --> mysqli_sql_exception: Unknown column 'age' in 'field list' in C:\laragon\www\CapstoneProject\front\CODEIGNITER 4\system\Database\MySQLi\Connection.php:306
Stack trace:
#0 C:\laragon\www\CapstoneProject\front\CODEIGNITER 4\system\Database\MySQLi\Connection.php(306): mysqli->query('INSERT INTO `rc...', 0)
#1 C:\laragon\www\CapstoneProject\front\CODEIGNITER 4\system\Database\BaseConnection.php(693): CodeIgniter\Database\MySQLi\Connection->execute('INSERT INTO `rc...')
#2 C:\laragon\www\CapstoneProject\front\CODEIGNITER 4\system\Database\BaseConnection.php(607): CodeIgniter\Database\BaseConnection->simpleQuery('INSERT INTO `rc...')
#3 C:\laragon\www\CapstoneProject\front\CODEIGNITER 4\system\Database\BaseBuilder.php(2308): CodeIgniter\Database\BaseConnection->query('INSERT INTO `rc...', Array, false)
#4 C:\laragon\www\CapstoneProject\front\CODEIGNITER 4\system\Model.php(319): CodeIgniter\Database\BaseBuilder->insert()
#5 C:\laragon\www\CapstoneProject\front\CODEIGNITER 4\system\BaseModel.php(788): CodeIgniter\Model->doInsert(Array)
#6 C:\laragon\www\CapstoneProject\front\CODEIGNITER 4\system\Model.php(715): CodeIgniter\BaseModel->insert(Array, true)
#7 C:\laragon\www\CapstoneProject\front\CODEIGNITER 4\app\Controllers\RcgaApplicationController.php(25): CodeIgniter\Model->insert(Array)
#8 C:\laragon\www\CapstoneProject\front\CODEIGNITER 4\system\CodeIgniter.php(942): App\Controllers\RcgaApplicationController->passForm()
#9 C:\laragon\www\CapstoneProject\front\CODEIGNITER 4\system\CodeIgniter.php(502): CodeIgniter\CodeIgniter->runController(Object(App\Controllers\RcgaApplicationController))
#10 C:\laragon\www\CapstoneProject\front\CODEIGNITER 4\system\CodeIgniter.php(361): CodeIgniter\CodeIgniter->handleRequest(NULL, Object(Config\Cache), false)
#11 C:\laragon\www\CapstoneProject\front\CODEIGNITER 4\public\index.php(85): CodeIgniter\CodeIgniter->run()
#12 C:\laragon\www\CapstoneProject\front\CODEIGNITER 4\system\Commands\Server\rewrite.php(47): require_once('C:\\laragon\\www\\...')
#13 {main}
CRITICAL - 2023-12-27 17:33:59 --> Unknown column 'age' in 'field list'
in SYSTEMPATH\Database\BaseConnection.php on line 647.
 1 SYSTEMPATH\Database\BaseBuilder.php(2308): CodeIgniter\Database\BaseConnection->query('INSERT INTO `rcga_applications` (`name`, `nationality`, `dob`, `passport`, `address`, `telephone`, `email`, `occupation`, `club`, `applicationDate`, `age`) VALUES (:name:, :nationality:, :dob:, :passport:, :address:, :telephone:, :email:, :occupation:, :club:, :applicationDate:, :age:)', [...], false)
 2 SYSTEMPATH\Model.php(319): CodeIgniter\Database\BaseBuilder->insert()
 3 SYSTEMPATH\BaseModel.php(788): CodeIgniter\Model->doInsert([...])
 4 SYSTEMPATH\Model.php(715): CodeIgniter\BaseModel->insert([...], true)
 5 APPPATH\Controllers\RcgaApplicationController.php(25): CodeIgniter\Model->insert([...])
 6 SYSTEMPATH\CodeIgniter.php(942): App\Controllers\RcgaApplicationController->passForm()
 7 SYSTEMPATH\CodeIgniter.php(502): CodeIgniter\CodeIgniter->runController(Object(App\Controllers\RcgaApplicationController))
 8 SYSTEMPATH\CodeIgniter.php(361): CodeIgniter\CodeIgniter->handleRequest(null, Object(Config\Cache), false)
 9 FCPATH\index.php(85): CodeIgniter\CodeIgniter->run()
10 SYSTEMPATH\Commands\Server\rewrite.php(47): require_once('C:\\laragon\\www\\CapstoneProject\\front\\CODEIGNITER 4\\public\\index.php')
ERROR - 2023-12-27 17:33:59 --> mysqli_sql_exception: Unknown column 'age' in 'field list' in C:\laragon\www\CapstoneProject\front\CODEIGNITER 4\system\Database\MySQLi\Connection.php:306
Stack trace:
#0 C:\laragon\www\CapstoneProject\front\CODEIGNITER 4\system\Database\MySQLi\Connection.php(306): mysqli->query('INSERT INTO `rc...', 0)
#1 C:\laragon\www\CapstoneProject\front\CODEIGNITER 4\system\Database\BaseConnection.php(693): CodeIgniter\Database\MySQLi\Connection->execute('INSERT INTO `rc...')
#2 C:\laragon\www\CapstoneProject\front\CODEIGNITER 4\system\Database\BaseConnection.php(607): CodeIgniter\Database\BaseConnection->simpleQuery('INSERT INTO `rc...')
#3 C:\laragon\www\CapstoneProject\front\CODEIGNITER 4\system\Database\BaseBuilder.php(2308): CodeIgniter\Database\BaseConnection->query('INSERT INTO `rc...', Array, false)
#4 C:\laragon\www\CapstoneProject\front\CODEIGNITER 4\system\Model.php(319): CodeIgniter\Database\BaseBuilder->insert()
#5 C:\laragon\www\CapstoneProject\front\CODEIGNITER 4\system\BaseModel.php(788): CodeIgniter\Model->doInsert(Array)
#6 C:\laragon\www\CapstoneProject\front\CODEIGNITER 4\system\Model.php(715): CodeIgniter\BaseModel->insert(Array, true)
#7 C:\laragon\www\CapstoneProject\front\CODEIGNITER 4\app\Controllers\RcgaApplicationController.php(25): CodeIgniter\Model->insert(Array)
#8 C:\laragon\www\CapstoneProject\front\CODEIGNITER 4\system\CodeIgniter.php(942): App\Controllers\RcgaApplicationController->passForm()
#9 C:\laragon\www\CapstoneProject\front\CODEIGNITER 4\system\CodeIgniter.php(502): CodeIgniter\CodeIgniter->runController(Object(App\Controllers\RcgaApplicationController))
#10 C:\laragon\www\CapstoneProject\front\CODEIGNITER 4\system\CodeIgniter.php(361): CodeIgniter\CodeIgniter->handleRequest(NULL, Object(Config\Cache), false)
#11 C:\laragon\www\CapstoneProject\front\CODEIGNITER 4\public\index.php(85): CodeIgniter\CodeIgniter->run()
#12 C:\laragon\www\CapstoneProject\front\CODEIGNITER 4\system\Commands\Server\rewrite.php(47): require_once('C:\\laragon\\www\\...')
#13 {main}
CRITICAL - 2023-12-27 17:33:59 --> Unknown column 'age' in 'field list'
in SYSTEMPATH\Database\BaseConnection.php on line 647.
 1 SYSTEMPATH\Database\BaseBuilder.php(2308): CodeIgniter\Database\BaseConnection->query('INSERT INTO `rcga_applications` (`name`, `nationality`, `dob`, `passport`, `address`, `telephone`, `email`, `occupation`, `club`, `applicationDate`, `age`) VALUES (:name:, :nationality:, :dob:, :passport:, :address:, :telephone:, :email:, :occupation:, :club:, :applicationDate:, :age:)', [...], false)
 2 SYSTEMPATH\Model.php(319): CodeIgniter\Database\BaseBuilder->insert()
 3 SYSTEMPATH\BaseModel.php(788): CodeIgniter\Model->doInsert([...])
 4 SYSTEMPATH\Model.php(715): CodeIgniter\BaseModel->insert([...], true)
 5 APPPATH\Controllers\RcgaApplicationController.php(25): CodeIgniter\Model->insert([...])
 6 SYSTEMPATH\CodeIgniter.php(942): App\Controllers\RcgaApplicationController->passForm()
 7 SYSTEMPATH\CodeIgniter.php(502): CodeIgniter\CodeIgniter->runController(Object(App\Controllers\RcgaApplicationController))
 8 SYSTEMPATH\CodeIgniter.php(361): CodeIgniter\CodeIgniter->handleRequest(null, Object(Config\Cache), false)
 9 FCPATH\index.php(85): CodeIgniter\CodeIgniter->run()
10 SYSTEMPATH\Commands\Server\rewrite.php(47): require_once('C:\\laragon\\www\\CapstoneProject\\front\\CODEIGNITER 4\\public\\index.php')
CRITICAL - 2023-12-27 17:37:11 --> Undefined property: App\Controllers\AppointmentController::$notificationService
in APPPATH\Controllers\AppointmentController.php on line 40.
 1 APPPATH\Controllers\AppointmentController.php(40): CodeIgniter\Debug\Exceptions->errorHandler(2, 'Undefined property: App\\Controllers\\AppointmentController::$notificationService', 'C:\\laragon\\www\\CapstoneProject\\front\\CODEIGNITER 4\\app\\Controllers\\AppointmentController.php', 40)
 2 SYSTEMPATH\CodeIgniter.php(942): App\Controllers\AppointmentController->accept()
 3 SYSTEMPATH\CodeIgniter.php(502): CodeIgniter\CodeIgniter->runController(Object(App\Controllers\AppointmentController))
 4 SYSTEMPATH\CodeIgniter.php(361): CodeIgniter\CodeIgniter->handleRequest(null, Object(Config\Cache), false)
 5 FCPATH\index.php(85): CodeIgniter\CodeIgniter->run()
 6 SYSTEMPATH\Commands\Server\rewrite.php(47): require_once('C:\\laragon\\www\\CapstoneProject\\front\\CODEIGNITER 4\\public\\index.php')
CRITICAL - 2023-12-27 17:37:15 --> Undefined property: App\Controllers\AppointmentController::$notificationService
in APPPATH\Controllers\AppointmentController.php on line 40.
 1 APPPATH\Controllers\AppointmentController.php(40): CodeIgniter\Debug\Exceptions->errorHandler(2, 'Undefined property: App\\Controllers\\AppointmentController::$notificationService', 'C:\\laragon\\www\\CapstoneProject\\front\\CODEIGNITER 4\\app\\Controllers\\AppointmentController.php', 40)
 2 SYSTEMPATH\CodeIgniter.php(942): App\Controllers\AppointmentController->accept()
 3 SYSTEMPATH\CodeIgniter.php(502): CodeIgniter\CodeIgniter->runController(Object(App\Controllers\AppointmentController))
 4 SYSTEMPATH\CodeIgniter.php(361): CodeIgniter\CodeIgniter->handleRequest(null, Object(Config\Cache), false)
 5 FCPATH\index.php(85): CodeIgniter\CodeIgniter->run()
 6 SYSTEMPATH\Commands\Server\rewrite.php(47): require_once('C:\\laragon\\www\\CapstoneProject\\front\\CODEIGNITER 4\\public\\index.php')
CRITICAL - 2023-12-27 17:37:16 --> Undefined property: App\Controllers\AppointmentController::$notificationService
in APPPATH\Controllers\AppointmentController.php on line 40.
 1 APPPATH\Controllers\AppointmentController.php(40): CodeIgniter\Debug\Exceptions->errorHandler(2, 'Undefined property: App\\Controllers\\AppointmentController::$notificationService', 'C:\\laragon\\www\\CapstoneProject\\front\\CODEIGNITER 4\\app\\Controllers\\AppointmentController.php', 40)
 2 SYSTEMPATH\CodeIgniter.php(942): App\Controllers\AppointmentController->accept()
 3 SYSTEMPATH\CodeIgniter.php(502): CodeIgniter\CodeIgniter->runController(Object(App\Controllers\AppointmentController))
 4 SYSTEMPATH\CodeIgniter.php(361): CodeIgniter\CodeIgniter->handleRequest(null, Object(Config\Cache), false)
 5 FCPATH\index.php(85): CodeIgniter\CodeIgniter->run()
 6 SYSTEMPATH\Commands\Server\rewrite.php(47): require_once('C:\\laragon\\www\\CapstoneProject\\front\\CODEIGNITER 4\\public\\index.php')
CRITICAL - 2023-12-27 17:37:18 --> Undefined property: App\Controllers\AppointmentController::$notificationService
in APPPATH\Controllers\AppointmentController.php on line 40.
 1 APPPATH\Controllers\AppointmentController.php(40): CodeIgniter\Debug\Exceptions->errorHandler(2, 'Undefined property: App\\Controllers\\AppointmentController::$notificationService', 'C:\\laragon\\www\\CapstoneProject\\front\\CODEIGNITER 4\\app\\Controllers\\AppointmentController.php', 40)
 2 SYSTEMPATH\CodeIgniter.php(942): App\Controllers\AppointmentController->accept()
 3 SYSTEMPATH\CodeIgniter.php(502): CodeIgniter\CodeIgniter->runController(Object(App\Controllers\AppointmentController))
 4 SYSTEMPATH\CodeIgniter.php(361): CodeIgniter\CodeIgniter->handleRequest(null, Object(Config\Cache), false)
 5 FCPATH\index.php(85): CodeIgniter\CodeIgniter->run()
 6 SYSTEMPATH\Commands\Server\rewrite.php(47): require_once('C:\\laragon\\www\\CapstoneProject\\front\\CODEIGNITER 4\\public\\index.php')
CRITICAL - 2023-12-27 17:37:18 --> Undefined property: App\Controllers\AppointmentController::$notificationService
in APPPATH\Controllers\AppointmentController.php on line 40.
 1 APPPATH\Controllers\AppointmentController.php(40): CodeIgniter\Debug\Exceptions->errorHandler(2, 'Undefined property: App\\Controllers\\AppointmentController::$notificationService', 'C:\\laragon\\www\\CapstoneProject\\front\\CODEIGNITER 4\\app\\Controllers\\AppointmentController.php', 40)
 2 SYSTEMPATH\CodeIgniter.php(942): App\Controllers\AppointmentController->accept()
 3 SYSTEMPATH\CodeIgniter.php(502): CodeIgniter\CodeIgniter->runController(Object(App\Controllers\AppointmentController))
 4 SYSTEMPATH\CodeIgniter.php(361): CodeIgniter\CodeIgniter->handleRequest(null, Object(Config\Cache), false)
 5 FCPATH\index.php(85): CodeIgniter\CodeIgniter->run()
 6 SYSTEMPATH\Commands\Server\rewrite.php(47): require_once('C:\\laragon\\www\\CapstoneProject\\front\\CODEIGNITER 4\\public\\index.php')
CRITICAL - 2023-12-27 17:41:43 --> There is no data to insert.
in SYSTEMPATH\BaseModel.php on line 1726.
 1 SYSTEMPATH\BaseModel.php(1726): CodeIgniter\Database\Exceptions\DataException::forEmptyDataset('insert')
 2 SYSTEMPATH\BaseModel.php(748): CodeIgniter\BaseModel->transformDataToArray([], 'insert')
 3 SYSTEMPATH\Model.php(715): CodeIgniter\BaseModel->insert([], true)
 4 APPPATH\Controllers\RcgaApplicationController.php(23): CodeIgniter\Model->insert([])
 5 SYSTEMPATH\CodeIgniter.php(942): App\Controllers\RcgaApplicationController->passForm()
 6 SYSTEMPATH\CodeIgniter.php(502): CodeIgniter\CodeIgniter->runController(Object(App\Controllers\RcgaApplicationController))
 7 SYSTEMPATH\CodeIgniter.php(361): CodeIgniter\CodeIgniter->handleRequest(null, Object(Config\Cache), false)
 8 FCPATH\index.php(85): CodeIgniter\CodeIgniter->run()
 9 SYSTEMPATH\Commands\Server\rewrite.php(47): require_once('C:\\laragon\\www\\CapstoneProject\\front\\CODEIGNITER 4\\public\\index.php')
CRITICAL - 2023-12-27 17:43:49 --> There is no data to insert.
in SYSTEMPATH\BaseModel.php on line 1726.
 1 SYSTEMPATH\BaseModel.php(1726): CodeIgniter\Database\Exceptions\DataException::forEmptyDataset('insert')
 2 SYSTEMPATH\BaseModel.php(748): CodeIgniter\BaseModel->transformDataToArray([], 'insert')
 3 SYSTEMPATH\Model.php(715): CodeIgniter\BaseModel->insert([], true)
 4 APPPATH\Controllers\RcgaApplicationController.php(23): CodeIgniter\Model->insert([])
 5 SYSTEMPATH\CodeIgniter.php(942): App\Controllers\RcgaApplicationController->passForm()
 6 SYSTEMPATH\CodeIgniter.php(502): CodeIgniter\CodeIgniter->runController(Object(App\Controllers\RcgaApplicationController))
 7 SYSTEMPATH\CodeIgniter.php(361): CodeIgniter\CodeIgniter->handleRequest(null, Object(Config\Cache), false)
 8 FCPATH\index.php(85): CodeIgniter\CodeIgniter->run()
 9 SYSTEMPATH\Commands\Server\rewrite.php(47): require_once('C:\\laragon\\www\\CapstoneProject\\front\\CODEIGNITER 4\\public\\index.php')
CRITICAL - 2023-12-27 17:43:50 --> There is no data to insert.
in SYSTEMPATH\BaseModel.php on line 1726.
 1 SYSTEMPATH\BaseModel.php(1726): CodeIgniter\Database\Exceptions\DataException::forEmptyDataset('insert')
 2 SYSTEMPATH\BaseModel.php(748): CodeIgniter\BaseModel->transformDataToArray([], 'insert')
 3 SYSTEMPATH\Model.php(715): CodeIgniter\BaseModel->insert([], true)
 4 APPPATH\Controllers\RcgaApplicationController.php(23): CodeIgniter\Model->insert([])
 5 SYSTEMPATH\CodeIgniter.php(942): App\Controllers\RcgaApplicationController->passForm()
 6 SYSTEMPATH\CodeIgniter.php(502): CodeIgniter\CodeIgniter->runController(Object(App\Controllers\RcgaApplicationController))
 7 SYSTEMPATH\CodeIgniter.php(361): CodeIgniter\CodeIgniter->handleRequest(null, Object(Config\Cache), false)
 8 FCPATH\index.php(85): CodeIgniter\CodeIgniter->run()
 9 SYSTEMPATH\Commands\Server\rewrite.php(47): require_once('C:\\laragon\\www\\CapstoneProject\\front\\CODEIGNITER 4\\public\\index.php')
CRITICAL - 2023-12-27 17:43:50 --> There is no data to insert.
in SYSTEMPATH\BaseModel.php on line 1726.
 1 SYSTEMPATH\BaseModel.php(1726): CodeIgniter\Database\Exceptions\DataException::forEmptyDataset('insert')
 2 SYSTEMPATH\BaseModel.php(748): CodeIgniter\BaseModel->transformDataToArray([], 'insert')
 3 SYSTEMPATH\Model.php(715): CodeIgniter\BaseModel->insert([], true)
 4 APPPATH\Controllers\RcgaApplicationController.php(23): CodeIgniter\Model->insert([])
 5 SYSTEMPATH\CodeIgniter.php(942): App\Controllers\RcgaApplicationController->passForm()
 6 SYSTEMPATH\CodeIgniter.php(502): CodeIgniter\CodeIgniter->runController(Object(App\Controllers\RcgaApplicationController))
 7 SYSTEMPATH\CodeIgniter.php(361): CodeIgniter\CodeIgniter->handleRequest(null, Object(Config\Cache), false)
 8 FCPATH\index.php(85): CodeIgniter\CodeIgniter->run()
 9 SYSTEMPATH\Commands\Server\rewrite.php(47): require_once('C:\\laragon\\www\\CapstoneProject\\front\\CODEIGNITER 4\\public\\index.php')
CRITICAL - 2023-12-27 17:44:07 --> There is no data to insert.
in SYSTEMPATH\BaseModel.php on line 1726.
 1 SYSTEMPATH\BaseModel.php(1726): CodeIgniter\Database\Exceptions\DataException::forEmptyDataset('insert')
 2 SYSTEMPATH\BaseModel.php(748): CodeIgniter\BaseModel->transformDataToArray([], 'insert')
 3 SYSTEMPATH\Model.php(715): CodeIgniter\BaseModel->insert([], true)
 4 APPPATH\Controllers\RcgaApplicationController.php(23): CodeIgniter\Model->insert([])
 5 SYSTEMPATH\CodeIgniter.php(942): App\Controllers\RcgaApplicationController->passForm()
 6 SYSTEMPATH\CodeIgniter.php(502): CodeIgniter\CodeIgniter->runController(Object(App\Controllers\RcgaApplicationController))
 7 SYSTEMPATH\CodeIgniter.php(361): CodeIgniter\CodeIgniter->handleRequest(null, Object(Config\Cache), false)
 8 FCPATH\index.php(85): CodeIgniter\CodeIgniter->run()
 9 SYSTEMPATH\Commands\Server\rewrite.php(47): require_once('C:\\laragon\\www\\CapstoneProject\\front\\CODEIGNITER 4\\public\\index.php')
CRITICAL - 2023-12-27 17:46:14 --> Class "App\Controllers\RcgaApplicationModel" not found
in APPPATH\Controllers\RcgaApplicationController.php on line 16.
 1 SYSTEMPATH\CodeIgniter.php(942): App\Controllers\RcgaApplicationController->passForm()
 2 SYSTEMPATH\CodeIgniter.php(502): CodeIgniter\CodeIgniter->runController(Object(App\Controllers\RcgaApplicationController))
 3 SYSTEMPATH\CodeIgniter.php(361): CodeIgniter\CodeIgniter->handleRequest(null, Object(Config\Cache), false)
 4 FCPATH\index.php(85): CodeIgniter\CodeIgniter->run()
 5 SYSTEMPATH\Commands\Server\rewrite.php(47): require_once('C:\\laragon\\www\\CapstoneProject\\front\\CODEIGNITER 4\\public\\index.php')
CRITICAL - 2023-12-27 17:47:15 --> Undefined array key "nationality"
in APPPATH\Controllers\RcgaApplicationController.php on line 23.
 1 APPPATH\Controllers\RcgaApplicationController.php(23): CodeIgniter\Debug\Exceptions->errorHandler(2, 'Undefined array key "nationality"', 'C:\\laragon\\www\\CapstoneProject\\front\\CODEIGNITER 4\\app\\Controllers\\RcgaApplicationController.php', 23)
 2 SYSTEMPATH\CodeIgniter.php(942): App\Controllers\RcgaApplicationController->passForm()
 3 SYSTEMPATH\CodeIgniter.php(502): CodeIgniter\CodeIgniter->runController(Object(App\Controllers\RcgaApplicationController))
 4 SYSTEMPATH\CodeIgniter.php(361): CodeIgniter\CodeIgniter->handleRequest(null, Object(Config\Cache), false)
 5 FCPATH\index.php(85): CodeIgniter\CodeIgniter->run()
 6 SYSTEMPATH\Commands\Server\rewrite.php(47): require_once('C:\\laragon\\www\\CapstoneProject\\front\\CODEIGNITER 4\\public\\index.php')
CRITICAL - 2023-12-27 17:49:01 --> Undefined array key "name"
in APPPATH\Controllers\RcgaApplicationController.php on line 25.
 1 APPPATH\Controllers\RcgaApplicationController.php(25): CodeIgniter\Debug\Exceptions->errorHandler(2, 'Undefined array key "name"', 'C:\\laragon\\www\\CapstoneProject\\front\\CODEIGNITER 4\\app\\Controllers\\RcgaApplicationController.php', 25)
 2 SYSTEMPATH\CodeIgniter.php(942): App\Controllers\RcgaApplicationController->passForm()
 3 SYSTEMPATH\CodeIgniter.php(502): CodeIgniter\CodeIgniter->runController(Object(App\Controllers\RcgaApplicationController))
 4 SYSTEMPATH\CodeIgniter.php(361): CodeIgniter\CodeIgniter->handleRequest(null, Object(Config\Cache), false)
 5 FCPATH\index.php(85): CodeIgniter\CodeIgniter->run()
 6 SYSTEMPATH\Commands\Server\rewrite.php(47): require_once('C:\\laragon\\www\\CapstoneProject\\front\\CODEIGNITER 4\\public\\index.php')
CRITICAL - 2023-12-27 17:49:14 --> Undefined array key "name"
in APPPATH\Controllers\RcgaApplicationController.php on line 25.
 1 APPPATH\Controllers\RcgaApplicationController.php(25): CodeIgniter\Debug\Exceptions->errorHandler(2, 'Undefined array key "name"', 'C:\\laragon\\www\\CapstoneProject\\front\\CODEIGNITER 4\\app\\Controllers\\RcgaApplicationController.php', 25)
 2 SYSTEMPATH\CodeIgniter.php(942): App\Controllers\RcgaApplicationController->passForm()
 3 SYSTEMPATH\CodeIgniter.php(502): CodeIgniter\CodeIgniter->runController(Object(App\Controllers\RcgaApplicationController))
 4 SYSTEMPATH\CodeIgniter.php(361): CodeIgniter\CodeIgniter->handleRequest(null, Object(Config\Cache), false)
 5 FCPATH\index.php(85): CodeIgniter\CodeIgniter->run()
 6 SYSTEMPATH\Commands\Server\rewrite.php(47): require_once('C:\\laragon\\www\\CapstoneProject\\front\\CODEIGNITER 4\\public\\index.php')
CRITICAL - 2023-12-27 17:52:34 --> Undefined array key "name"
in APPPATH\Controllers\RcgaApplicationController.php on line 25.
 1 APPPATH\Controllers\RcgaApplicationController.php(25): CodeIgniter\Debug\Exceptions->errorHandler(2, 'Undefined array key "name"', 'C:\\laragon\\www\\CapstoneProject\\front\\CODEIGNITER 4\\app\\Controllers\\RcgaApplicationController.php', 25)
 2 SYSTEMPATH\CodeIgniter.php(942): App\Controllers\RcgaApplicationController->passForm()
 3 SYSTEMPATH\CodeIgniter.php(502): CodeIgniter\CodeIgniter->runController(Object(App\Controllers\RcgaApplicationController))
 4 SYSTEMPATH\CodeIgniter.php(361): CodeIgniter\CodeIgniter->handleRequest(null, Object(Config\Cache), false)
 5 FCPATH\index.php(85): CodeIgniter\CodeIgniter->run()
 6 SYSTEMPATH\Commands\Server\rewrite.php(47): require_once('C:\\laragon\\www\\CapstoneProject\\front\\CODEIGNITER 4\\public\\index.php')
CRITICAL - 2023-12-27 17:54:13 --> Undefined array key "name"
in APPPATH\Controllers\RcgaApplicationController.php on line 25.
 1 APPPATH\Controllers\RcgaApplicationController.php(25): CodeIgniter\Debug\Exceptions->errorHandler(2, 'Undefined array key "name"', 'C:\\laragon\\www\\CapstoneProject\\front\\CODEIGNITER 4\\app\\Controllers\\RcgaApplicationController.php', 25)
 2 SYSTEMPATH\CodeIgniter.php(942): App\Controllers\RcgaApplicationController->passForm()
 3 SYSTEMPATH\CodeIgniter.php(502): CodeIgniter\CodeIgniter->runController(Object(App\Controllers\RcgaApplicationController))
 4 SYSTEMPATH\CodeIgniter.php(361): CodeIgniter\CodeIgniter->handleRequest(null, Object(Config\Cache), false)
 5 FCPATH\index.php(85): CodeIgniter\CodeIgniter->run()
 6 SYSTEMPATH\Commands\Server\rewrite.php(47): require_once('C:\\laragon\\www\\CapstoneProject\\front\\CODEIGNITER 4\\public\\index.php')
CRITICAL - 2023-12-27 17:54:17 --> Undefined array key "name"
in APPPATH\Controllers\RcgaApplicationController.php on line 25.
 1 APPPATH\Controllers\RcgaApplicationController.php(25): CodeIgniter\Debug\Exceptions->errorHandler(2, 'Undefined array key "name"', 'C:\\laragon\\www\\CapstoneProject\\front\\CODEIGNITER 4\\app\\Controllers\\RcgaApplicationController.php', 25)
 2 SYSTEMPATH\CodeIgniter.php(942): App\Controllers\RcgaApplicationController->passForm()
 3 SYSTEMPATH\CodeIgniter.php(502): CodeIgniter\CodeIgniter->runController(Object(App\Controllers\RcgaApplicationController))
 4 SYSTEMPATH\CodeIgniter.php(361): CodeIgniter\CodeIgniter->handleRequest(null, Object(Config\Cache), false)
 5 FCPATH\index.php(85): CodeIgniter\CodeIgniter->run()
 6 SYSTEMPATH\Commands\Server\rewrite.php(47): require_once('C:\\laragon\\www\\CapstoneProject\\front\\CODEIGNITER 4\\public\\index.php')
