CRITICAL - 2024-05-16 02:19:25 --> readfile(C:\laragon\www\CapstoneProject\front\CODEIGNITER 4\writable\uploads/aa): Failed to open stream: Permission denied
in APPPATH\Controllers\FormController.php on line 98.
 1 [internal function]: CodeIgniter\Debug\Exceptions->errorHandler(2, 'readfile(C:\\laragon\\www\\CapstoneProject\\front\\CODEIGNITER 4\\writable\\uploads/aa): Failed to open stream: Permission denied', 'C:\\laragon\\www\\CapstoneProject\\front\\CODEIGNITER 4\\app\\Controllers\\FormController.php', 98)
 2 APPPATH\Controllers\FormController.php(98): readfile('C:\\laragon\\www\\CapstoneProject\\front\\CODEIGNITER 4\\writable\\uploads/aa')
 3 SYSTEMPATH\CodeIgniter.php(942): App\Controllers\FormController->download('aa')
 4 SYSTEMPATH\CodeIgniter.php(502): CodeIgniter\CodeIgniter->runController(Object(App\Controllers\FormController))
 5 SYSTEMPATH\CodeIgniter.php(361): CodeIgniter\CodeIgniter->handleRequest(null, Object(Config\Cache), false)
 6 FCPATH\index.php(85): CodeIgniter\CodeIgniter->run()
 7 SYSTEMPATH\Commands\Server\rewrite.php(47): require_once('C:\\laragon\\www\\CapstoneProject\\front\\CODEIGNITER 4\\public\\index.php')
CRITICAL - 2024-05-16 02:19:27 --> readfile(C:\laragon\www\CapstoneProject\front\CODEIGNITER 4\writable\uploads/aa): Failed to open stream: Permission denied
in APPPATH\Controllers\FormController.php on line 98.
 1 [internal function]: CodeIgniter\Debug\Exceptions->errorHandler(2, 'readfile(C:\\laragon\\www\\CapstoneProject\\front\\CODEIGNITER 4\\writable\\uploads/aa): Failed to open stream: Permission denied', 'C:\\laragon\\www\\CapstoneProject\\front\\CODEIGNITER 4\\app\\Controllers\\FormController.php', 98)
 2 APPPATH\Controllers\FormController.php(98): readfile('C:\\laragon\\www\\CapstoneProject\\front\\CODEIGNITER 4\\writable\\uploads/aa')
 3 SYSTEMPATH\CodeIgniter.php(942): App\Controllers\FormController->download('aa')
 4 SYSTEMPATH\CodeIgniter.php(502): CodeIgniter\CodeIgniter->runController(Object(App\Controllers\FormController))
 5 SYSTEMPATH\CodeIgniter.php(361): CodeIgniter\CodeIgniter->handleRequest(null, Object(Config\Cache), false)
 6 FCPATH\index.php(85): CodeIgniter\CodeIgniter->run()
 7 SYSTEMPATH\Commands\Server\rewrite.php(47): require_once('C:\\laragon\\www\\CapstoneProject\\front\\CODEIGNITER 4\\public\\index.php')
CRITICAL - 2024-05-16 02:19:29 --> readfile(C:\laragon\www\CapstoneProject\front\CODEIGNITER 4\writable\uploads/a): Failed to open stream: Permission denied
in APPPATH\Controllers\FormController.php on line 98.
 1 [internal function]: CodeIgniter\Debug\Exceptions->errorHandler(2, 'readfile(C:\\laragon\\www\\CapstoneProject\\front\\CODEIGNITER 4\\writable\\uploads/a): Failed to open stream: Permission denied', 'C:\\laragon\\www\\CapstoneProject\\front\\CODEIGNITER 4\\app\\Controllers\\FormController.php', 98)
 2 APPPATH\Controllers\FormController.php(98): readfile('C:\\laragon\\www\\CapstoneProject\\front\\CODEIGNITER 4\\writable\\uploads/a')
 3 SYSTEMPATH\CodeIgniter.php(942): App\Controllers\FormController->download('a')
 4 SYSTEMPATH\CodeIgniter.php(502): CodeIgniter\CodeIgniter->runController(Object(App\Controllers\FormController))
 5 SYSTEMPATH\CodeIgniter.php(361): CodeIgniter\CodeIgniter->handleRequest(null, Object(Config\Cache), false)
 6 FCPATH\index.php(85): CodeIgniter\CodeIgniter->run()
 7 SYSTEMPATH\Commands\Server\rewrite.php(47): require_once('C:\\laragon\\www\\CapstoneProject\\front\\CODEIGNITER 4\\public\\index.php')
CRITICAL - 2024-05-16 02:19:31 --> readfile(C:\laragon\www\CapstoneProject\front\CODEIGNITER 4\writable\uploads/Lesson-1-3_1): Failed to open stream: Permission denied
in APPPATH\Controllers\FormController.php on line 98.
 1 [internal function]: CodeIgniter\Debug\Exceptions->errorHandler(2, 'readfile(C:\\laragon\\www\\CapstoneProject\\front\\CODEIGNITER 4\\writable\\uploads/Lesson-1-3_1): Failed to open stream: Permission denied', 'C:\\laragon\\www\\CapstoneProject\\front\\CODEIGNITER 4\\app\\Controllers\\FormController.php', 98)
 2 APPPATH\Controllers\FormController.php(98): readfile('C:\\laragon\\www\\CapstoneProject\\front\\CODEIGNITER 4\\writable\\uploads/Lesson-1-3_1')
 3 SYSTEMPATH\CodeIgniter.php(942): App\Controllers\FormController->download('Lesson-1-3_1')
 4 SYSTEMPATH\CodeIgniter.php(502): CodeIgniter\CodeIgniter->runController(Object(App\Controllers\FormController))
 5 SYSTEMPATH\CodeIgniter.php(361): CodeIgniter\CodeIgniter->handleRequest(null, Object(Config\Cache), false)
 6 FCPATH\index.php(85): CodeIgniter\CodeIgniter->run()
 7 SYSTEMPATH\Commands\Server\rewrite.php(47): require_once('C:\\laragon\\www\\CapstoneProject\\front\\CODEIGNITER 4\\public\\index.php')
CRITICAL - 2024-05-16 02:19:32 --> readfile(C:\laragon\www\CapstoneProject\front\CODEIGNITER 4\writable\uploads/Lesson-1-3): Failed to open stream: Permission denied
in APPPATH\Controllers\FormController.php on line 98.
 1 [internal function]: CodeIgniter\Debug\Exceptions->errorHandler(2, 'readfile(C:\\laragon\\www\\CapstoneProject\\front\\CODEIGNITER 4\\writable\\uploads/Lesson-1-3): Failed to open stream: Permission denied', 'C:\\laragon\\www\\CapstoneProject\\front\\CODEIGNITER 4\\app\\Controllers\\FormController.php', 98)
 2 APPPATH\Controllers\FormController.php(98): readfile('C:\\laragon\\www\\CapstoneProject\\front\\CODEIGNITER 4\\writable\\uploads/Lesson-1-3')
 3 SYSTEMPATH\CodeIgniter.php(942): App\Controllers\FormController->download('Lesson-1-3')
 4 SYSTEMPATH\CodeIgniter.php(502): CodeIgniter\CodeIgniter->runController(Object(App\Controllers\FormController))
 5 SYSTEMPATH\CodeIgniter.php(361): CodeIgniter\CodeIgniter->handleRequest(null, Object(Config\Cache), false)
 6 FCPATH\index.php(85): CodeIgniter\CodeIgniter->run()
 7 SYSTEMPATH\Commands\Server\rewrite.php(47): require_once('C:\\laragon\\www\\CapstoneProject\\front\\CODEIGNITER 4\\public\\index.php')
CRITICAL - 2024-05-16 02:19:32 --> readfile(C:\laragon\www\CapstoneProject\front\CODEIGNITER 4\writable\uploads/Final Docu): Failed to open stream: Permission denied
in APPPATH\Controllers\FormController.php on line 98.
 1 [internal function]: CodeIgniter\Debug\Exceptions->errorHandler(2, 'readfile(C:\\laragon\\www\\CapstoneProject\\front\\CODEIGNITER 4\\writable\\uploads/Final Docu): Failed to open stream: Permission denied', 'C:\\laragon\\www\\CapstoneProject\\front\\CODEIGNITER 4\\app\\Controllers\\FormController.php', 98)
 2 APPPATH\Controllers\FormController.php(98): readfile('C:\\laragon\\www\\CapstoneProject\\front\\CODEIGNITER 4\\writable\\uploads/Final Docu')
 3 SYSTEMPATH\CodeIgniter.php(942): App\Controllers\FormController->download('Final Docu')
 4 SYSTEMPATH\CodeIgniter.php(502): CodeIgniter\CodeIgniter->runController(Object(App\Controllers\FormController))
 5 SYSTEMPATH\CodeIgniter.php(361): CodeIgniter\CodeIgniter->handleRequest(null, Object(Config\Cache), false)
 6 FCPATH\index.php(85): CodeIgniter\CodeIgniter->run()
 7 SYSTEMPATH\Commands\Server\rewrite.php(47): require_once('C:\\laragon\\www\\CapstoneProject\\front\\CODEIGNITER 4\\public\\index.php')
CRITICAL - 2024-05-16 02:19:35 --> readfile(C:\laragon\www\CapstoneProject\front\CODEIGNITER 4\writable\uploads/188638a5-ab6b-4701-ae65-ea1d06915548_1): Failed to open stream: Permission denied
in APPPATH\Controllers\FormController.php on line 98.
 1 [internal function]: CodeIgniter\Debug\Exceptions->errorHandler(2, 'readfile(C:\\laragon\\www\\CapstoneProject\\front\\CODEIGNITER 4\\writable\\uploads/188638a5-ab6b-4701-ae65-ea1d06915548_1): Failed to open stream: Permission denied', 'C:\\laragon\\www\\CapstoneProject\\front\\CODEIGNITER 4\\app\\Controllers\\FormController.php', 98)
 2 APPPATH\Controllers\FormController.php(98): readfile('C:\\laragon\\www\\CapstoneProject\\front\\CODEIGNITER 4\\writable\\uploads/188638a5-ab6b-4701-ae65-ea1d06915548_1')
 3 SYSTEMPATH\CodeIgniter.php(942): App\Controllers\FormController->download('188638a5-ab6b-4701-ae65-ea1d06915548_1')
 4 SYSTEMPATH\CodeIgniter.php(502): CodeIgniter\CodeIgniter->runController(Object(App\Controllers\FormController))
 5 SYSTEMPATH\CodeIgniter.php(361): CodeIgniter\CodeIgniter->handleRequest(null, Object(Config\Cache), false)
 6 FCPATH\index.php(85): CodeIgniter\CodeIgniter->run()
 7 SYSTEMPATH\Commands\Server\rewrite.php(47): require_once('C:\\laragon\\www\\CapstoneProject\\front\\CODEIGNITER 4\\public\\index.php')
CRITICAL - 2024-05-16 02:19:35 --> readfile(C:\laragon\www\CapstoneProject\front\CODEIGNITER 4\writable\uploads/188638a5-ab6b-4701-ae65-ea1d06915548_1): Failed to open stream: Permission denied
in APPPATH\Controllers\FormController.php on line 98.
 1 [internal function]: CodeIgniter\Debug\Exceptions->errorHandler(2, 'readfile(C:\\laragon\\www\\CapstoneProject\\front\\CODEIGNITER 4\\writable\\uploads/188638a5-ab6b-4701-ae65-ea1d06915548_1): Failed to open stream: Permission denied', 'C:\\laragon\\www\\CapstoneProject\\front\\CODEIGNITER 4\\app\\Controllers\\FormController.php', 98)
 2 APPPATH\Controllers\FormController.php(98): readfile('C:\\laragon\\www\\CapstoneProject\\front\\CODEIGNITER 4\\writable\\uploads/188638a5-ab6b-4701-ae65-ea1d06915548_1')
 3 SYSTEMPATH\CodeIgniter.php(942): App\Controllers\FormController->download('188638a5-ab6b-4701-ae65-ea1d06915548_1')
 4 SYSTEMPATH\CodeIgniter.php(502): CodeIgniter\CodeIgniter->runController(Object(App\Controllers\FormController))
 5 SYSTEMPATH\CodeIgniter.php(361): CodeIgniter\CodeIgniter->handleRequest(null, Object(Config\Cache), false)
 6 FCPATH\index.php(85): CodeIgniter\CodeIgniter->run()
 7 SYSTEMPATH\Commands\Server\rewrite.php(47): require_once('C:\\laragon\\www\\CapstoneProject\\front\\CODEIGNITER 4\\public\\index.php')
CRITICAL - 2024-05-16 02:19:35 --> readfile(C:\laragon\www\CapstoneProject\front\CODEIGNITER 4\writable\uploads/188638a5-ab6b-4701-ae65-ea1d06915548_1): Failed to open stream: Permission denied
in APPPATH\Controllers\FormController.php on line 98.
 1 [internal function]: CodeIgniter\Debug\Exceptions->errorHandler(2, 'readfile(C:\\laragon\\www\\CapstoneProject\\front\\CODEIGNITER 4\\writable\\uploads/188638a5-ab6b-4701-ae65-ea1d06915548_1): Failed to open stream: Permission denied', 'C:\\laragon\\www\\CapstoneProject\\front\\CODEIGNITER 4\\app\\Controllers\\FormController.php', 98)
 2 APPPATH\Controllers\FormController.php(98): readfile('C:\\laragon\\www\\CapstoneProject\\front\\CODEIGNITER 4\\writable\\uploads/188638a5-ab6b-4701-ae65-ea1d06915548_1')
 3 SYSTEMPATH\CodeIgniter.php(942): App\Controllers\FormController->download('188638a5-ab6b-4701-ae65-ea1d06915548_1')
 4 SYSTEMPATH\CodeIgniter.php(502): CodeIgniter\CodeIgniter->runController(Object(App\Controllers\FormController))
 5 SYSTEMPATH\CodeIgniter.php(361): CodeIgniter\CodeIgniter->handleRequest(null, Object(Config\Cache), false)
 6 FCPATH\index.php(85): CodeIgniter\CodeIgniter->run()
 7 SYSTEMPATH\Commands\Server\rewrite.php(47): require_once('C:\\laragon\\www\\CapstoneProject\\front\\CODEIGNITER 4\\public\\index.php')
CRITICAL - 2024-05-16 02:19:48 --> readfile(C:\laragon\www\CapstoneProject\front\CODEIGNITER 4\writable\uploads/406833074_274799041915129_8328097744514024895_n): Failed to open stream: Permission denied
in APPPATH\Controllers\FormController.php on line 100.
 1 [internal function]: CodeIgniter\Debug\Exceptions->errorHandler(2, 'readfile(C:\\laragon\\www\\CapstoneProject\\front\\CODEIGNITER 4\\writable\\uploads/406833074_274799041915129_8328097744514024895_n): Failed to open stream: Permission denied', 'C:\\laragon\\www\\CapstoneProject\\front\\CODEIGNITER 4\\app\\Controllers\\FormController.php', 100)
 2 APPPATH\Controllers\FormController.php(100): readfile('C:\\laragon\\www\\CapstoneProject\\front\\CODEIGNITER 4\\writable\\uploads/406833074_274799041915129_8328097744514024895_n')
 3 SYSTEMPATH\CodeIgniter.php(942): App\Controllers\FormController->download('406833074_274799041915129_8328097744514024895_n')
 4 SYSTEMPATH\CodeIgniter.php(502): CodeIgniter\CodeIgniter->runController(Object(App\Controllers\FormController))
 5 SYSTEMPATH\CodeIgniter.php(361): CodeIgniter\CodeIgniter->handleRequest(null, Object(Config\Cache), false)
 6 FCPATH\index.php(85): CodeIgniter\CodeIgniter->run()
 7 SYSTEMPATH\Commands\Server\rewrite.php(47): require_once('C:\\laragon\\www\\CapstoneProject\\front\\CODEIGNITER 4\\public\\index.php')
CRITICAL - 2024-05-16 02:19:48 --> readfile(C:\laragon\www\CapstoneProject\front\CODEIGNITER 4\writable\uploads/406833074_274799041915129_8328097744514024895_n): Failed to open stream: Permission denied
in APPPATH\Controllers\FormController.php on line 100.
 1 [internal function]: CodeIgniter\Debug\Exceptions->errorHandler(2, 'readfile(C:\\laragon\\www\\CapstoneProject\\front\\CODEIGNITER 4\\writable\\uploads/406833074_274799041915129_8328097744514024895_n): Failed to open stream: Permission denied', 'C:\\laragon\\www\\CapstoneProject\\front\\CODEIGNITER 4\\app\\Controllers\\FormController.php', 100)
 2 APPPATH\Controllers\FormController.php(100): readfile('C:\\laragon\\www\\CapstoneProject\\front\\CODEIGNITER 4\\writable\\uploads/406833074_274799041915129_8328097744514024895_n')
 3 SYSTEMPATH\CodeIgniter.php(942): App\Controllers\FormController->download('406833074_274799041915129_8328097744514024895_n')
 4 SYSTEMPATH\CodeIgniter.php(502): CodeIgniter\CodeIgniter->runController(Object(App\Controllers\FormController))
 5 SYSTEMPATH\CodeIgniter.php(361): CodeIgniter\CodeIgniter->handleRequest(null, Object(Config\Cache), false)
 6 FCPATH\index.php(85): CodeIgniter\CodeIgniter->run()
 7 SYSTEMPATH\Commands\Server\rewrite.php(47): require_once('C:\\laragon\\www\\CapstoneProject\\front\\CODEIGNITER 4\\public\\index.php')
CRITICAL - 2024-05-16 02:20:00 --> readfile(C:\laragon\www\CapstoneProject\front\CODEIGNITER 4\writable\uploads/2024-05-15): Failed to open stream: Permission denied
in APPPATH\Controllers\FormController.php on line 98.
 1 [internal function]: CodeIgniter\Debug\Exceptions->errorHandler(2, 'readfile(C:\\laragon\\www\\CapstoneProject\\front\\CODEIGNITER 4\\writable\\uploads/2024-05-15): Failed to open stream: Permission denied', 'C:\\laragon\\www\\CapstoneProject\\front\\CODEIGNITER 4\\app\\Controllers\\FormController.php', 98)
 2 APPPATH\Controllers\FormController.php(98): readfile('C:\\laragon\\www\\CapstoneProject\\front\\CODEIGNITER 4\\writable\\uploads/2024-05-15')
 3 SYSTEMPATH\CodeIgniter.php(942): App\Controllers\FormController->download('2024-05-15')
 4 SYSTEMPATH\CodeIgniter.php(502): CodeIgniter\CodeIgniter->runController(Object(App\Controllers\FormController))
 5 SYSTEMPATH\CodeIgniter.php(361): CodeIgniter\CodeIgniter->handleRequest(null, Object(Config\Cache), false)
 6 FCPATH\index.php(85): CodeIgniter\CodeIgniter->run()
 7 SYSTEMPATH\Commands\Server\rewrite.php(47): require_once('C:\\laragon\\www\\CapstoneProject\\front\\CODEIGNITER 4\\public\\index.php')
CRITICAL - 2024-05-16 02:20:24 --> readfile(C:\laragon\www\CapstoneProject\front\CODEIGNITER 4\writable\uploads/12xp-instagram-articleLarge): Failed to open stream: Permission denied
in APPPATH\Controllers\FormController.php on line 100.
 1 [internal function]: CodeIgniter\Debug\Exceptions->errorHandler(2, 'readfile(C:\\laragon\\www\\CapstoneProject\\front\\CODEIGNITER 4\\writable\\uploads/12xp-instagram-articleLarge): Failed to open stream: Permission denied', 'C:\\laragon\\www\\CapstoneProject\\front\\CODEIGNITER 4\\app\\Controllers\\FormController.php', 100)
 2 APPPATH\Controllers\FormController.php(100): readfile('C:\\laragon\\www\\CapstoneProject\\front\\CODEIGNITER 4\\writable\\uploads/12xp-instagram-articleLarge')
 3 SYSTEMPATH\CodeIgniter.php(942): App\Controllers\FormController->download('12xp-instagram-articleLarge')
 4 SYSTEMPATH\CodeIgniter.php(502): CodeIgniter\CodeIgniter->runController(Object(App\Controllers\FormController))
 5 SYSTEMPATH\CodeIgniter.php(361): CodeIgniter\CodeIgniter->handleRequest(null, Object(Config\Cache), false)
 6 FCPATH\index.php(85): CodeIgniter\CodeIgniter->run()
 7 SYSTEMPATH\Commands\Server\rewrite.php(47): require_once('C:\\laragon\\www\\CapstoneProject\\front\\CODEIGNITER 4\\public\\index.php')
CRITICAL - 2024-05-16 02:20:26 --> readfile(C:\laragon\www\CapstoneProject\front\CODEIGNITER 4\writable\uploads/11): Failed to open stream: Permission denied
in APPPATH\Controllers\FormController.php on line 100.
 1 [internal function]: CodeIgniter\Debug\Exceptions->errorHandler(2, 'readfile(C:\\laragon\\www\\CapstoneProject\\front\\CODEIGNITER 4\\writable\\uploads/11): Failed to open stream: Permission denied', 'C:\\laragon\\www\\CapstoneProject\\front\\CODEIGNITER 4\\app\\Controllers\\FormController.php', 100)
 2 APPPATH\Controllers\FormController.php(100): readfile('C:\\laragon\\www\\CapstoneProject\\front\\CODEIGNITER 4\\writable\\uploads/11')
 3 SYSTEMPATH\CodeIgniter.php(942): App\Controllers\FormController->download('11')
 4 SYSTEMPATH\CodeIgniter.php(502): CodeIgniter\CodeIgniter->runController(Object(App\Controllers\FormController))
 5 SYSTEMPATH\CodeIgniter.php(361): CodeIgniter\CodeIgniter->handleRequest(null, Object(Config\Cache), false)
 6 FCPATH\index.php(85): CodeIgniter\CodeIgniter->run()
 7 SYSTEMPATH\Commands\Server\rewrite.php(47): require_once('C:\\laragon\\www\\CapstoneProject\\front\\CODEIGNITER 4\\public\\index.php')
CRITICAL - 2024-05-16 02:20:33 --> readfile(C:\laragon\www\CapstoneProject\front\CODEIGNITER 4\writable\uploads/11): Failed to open stream: Permission denied
in APPPATH\Controllers\FormController.php on line 100.
 1 [internal function]: CodeIgniter\Debug\Exceptions->errorHandler(2, 'readfile(C:\\laragon\\www\\CapstoneProject\\front\\CODEIGNITER 4\\writable\\uploads/11): Failed to open stream: Permission denied', 'C:\\laragon\\www\\CapstoneProject\\front\\CODEIGNITER 4\\app\\Controllers\\FormController.php', 100)
 2 APPPATH\Controllers\FormController.php(100): readfile('C:\\laragon\\www\\CapstoneProject\\front\\CODEIGNITER 4\\writable\\uploads/11')
 3 SYSTEMPATH\CodeIgniter.php(942): App\Controllers\FormController->download('11')
 4 SYSTEMPATH\CodeIgniter.php(502): CodeIgniter\CodeIgniter->runController(Object(App\Controllers\FormController))
 5 SYSTEMPATH\CodeIgniter.php(361): CodeIgniter\CodeIgniter->handleRequest(null, Object(Config\Cache), false)
 6 FCPATH\index.php(85): CodeIgniter\CodeIgniter->run()
 7 SYSTEMPATH\Commands\Server\rewrite.php(47): require_once('C:\\laragon\\www\\CapstoneProject\\front\\CODEIGNITER 4\\public\\index.php')
CRITICAL - 2024-05-16 02:20:49 --> readfile(C:\laragon\www\CapstoneProject\front\CODEIGNITER 4\writable\uploads/11): Failed to open stream: Permission denied
in APPPATH\Controllers\FormController.php on line 81.
 1 [internal function]: CodeIgniter\Debug\Exceptions->errorHandler(2, 'readfile(C:\\laragon\\www\\CapstoneProject\\front\\CODEIGNITER 4\\writable\\uploads/11): Failed to open stream: Permission denied', 'C:\\laragon\\www\\CapstoneProject\\front\\CODEIGNITER 4\\app\\Controllers\\FormController.php', 81)
 2 APPPATH\Controllers\FormController.php(81): readfile('C:\\laragon\\www\\CapstoneProject\\front\\CODEIGNITER 4\\writable\\uploads/11')
 3 SYSTEMPATH\CodeIgniter.php(942): App\Controllers\FormController->download('11')
 4 SYSTEMPATH\CodeIgniter.php(502): CodeIgniter\CodeIgniter->runController(Object(App\Controllers\FormController))
 5 SYSTEMPATH\CodeIgniter.php(361): CodeIgniter\CodeIgniter->handleRequest(null, Object(Config\Cache), false)
 6 FCPATH\index.php(85): CodeIgniter\CodeIgniter->run()
 7 SYSTEMPATH\Commands\Server\rewrite.php(47): require_once('C:\\laragon\\www\\CapstoneProject\\front\\CODEIGNITER 4\\public\\index.php')
CRITICAL - 2024-05-16 02:21:50 --> readfile(C:\laragon\www\CapstoneProject\front\CODEIGNITER 4\writable\uploads/12xp-instagram-articleLarge_1): Failed to open stream: Permission denied
in APPPATH\Controllers\FormController.php on line 91.
 1 [internal function]: CodeIgniter\Debug\Exceptions->errorHandler(2, 'readfile(C:\\laragon\\www\\CapstoneProject\\front\\CODEIGNITER 4\\writable\\uploads/12xp-instagram-articleLarge_1): Failed to open stream: Permission denied', 'C:\\laragon\\www\\CapstoneProject\\front\\CODEIGNITER 4\\app\\Controllers\\FormController.php', 91)
 2 APPPATH\Controllers\FormController.php(91): readfile('C:\\laragon\\www\\CapstoneProject\\front\\CODEIGNITER 4\\writable\\uploads/12xp-instagram-articleLarge_1')
 3 SYSTEMPATH\CodeIgniter.php(942): App\Controllers\FormController->download('12xp-instagram-articleLarge_1')
 4 SYSTEMPATH\CodeIgniter.php(502): CodeIgniter\CodeIgniter->runController(Object(App\Controllers\FormController))
 5 SYSTEMPATH\CodeIgniter.php(361): CodeIgniter\CodeIgniter->handleRequest(null, Object(Config\Cache), false)
 6 FCPATH\index.php(85): CodeIgniter\CodeIgniter->run()
 7 SYSTEMPATH\Commands\Server\rewrite.php(47): require_once('C:\\laragon\\www\\CapstoneProject\\front\\CODEIGNITER 4\\public\\index.php')
CRITICAL - 2024-05-16 02:21:50 --> readfile(C:\laragon\www\CapstoneProject\front\CODEIGNITER 4\writable\uploads/12xp-instagram-articleLarge_1): Failed to open stream: Permission denied
in APPPATH\Controllers\FormController.php on line 91.
 1 [internal function]: CodeIgniter\Debug\Exceptions->errorHandler(2, 'readfile(C:\\laragon\\www\\CapstoneProject\\front\\CODEIGNITER 4\\writable\\uploads/12xp-instagram-articleLarge_1): Failed to open stream: Permission denied', 'C:\\laragon\\www\\CapstoneProject\\front\\CODEIGNITER 4\\app\\Controllers\\FormController.php', 91)
 2 APPPATH\Controllers\FormController.php(91): readfile('C:\\laragon\\www\\CapstoneProject\\front\\CODEIGNITER 4\\writable\\uploads/12xp-instagram-articleLarge_1')
 3 SYSTEMPATH\CodeIgniter.php(942): App\Controllers\FormController->download('12xp-instagram-articleLarge_1')
 4 SYSTEMPATH\CodeIgniter.php(502): CodeIgniter\CodeIgniter->runController(Object(App\Controllers\FormController))
 5 SYSTEMPATH\CodeIgniter.php(361): CodeIgniter\CodeIgniter->handleRequest(null, Object(Config\Cache), false)
 6 FCPATH\index.php(85): CodeIgniter\CodeIgniter->run()
 7 SYSTEMPATH\Commands\Server\rewrite.php(47): require_once('C:\\laragon\\www\\CapstoneProject\\front\\CODEIGNITER 4\\public\\index.php')
CRITICAL - 2024-05-16 02:21:50 --> readfile(C:\laragon\www\CapstoneProject\front\CODEIGNITER 4\writable\uploads/12xp-instagram-articleLarge_1): Failed to open stream: Permission denied
in APPPATH\Controllers\FormController.php on line 91.
 1 [internal function]: CodeIgniter\Debug\Exceptions->errorHandler(2, 'readfile(C:\\laragon\\www\\CapstoneProject\\front\\CODEIGNITER 4\\writable\\uploads/12xp-instagram-articleLarge_1): Failed to open stream: Permission denied', 'C:\\laragon\\www\\CapstoneProject\\front\\CODEIGNITER 4\\app\\Controllers\\FormController.php', 91)
 2 APPPATH\Controllers\FormController.php(91): readfile('C:\\laragon\\www\\CapstoneProject\\front\\CODEIGNITER 4\\writable\\uploads/12xp-instagram-articleLarge_1')
 3 SYSTEMPATH\CodeIgniter.php(942): App\Controllers\FormController->download('12xp-instagram-articleLarge_1')
 4 SYSTEMPATH\CodeIgniter.php(502): CodeIgniter\CodeIgniter->runController(Object(App\Controllers\FormController))
 5 SYSTEMPATH\CodeIgniter.php(361): CodeIgniter\CodeIgniter->handleRequest(null, Object(Config\Cache), false)
 6 FCPATH\index.php(85): CodeIgniter\CodeIgniter->run()
 7 SYSTEMPATH\Commands\Server\rewrite.php(47): require_once('C:\\laragon\\www\\CapstoneProject\\front\\CODEIGNITER 4\\public\\index.php')
CRITICAL - 2024-05-16 02:21:51 --> readfile(C:\laragon\www\CapstoneProject\front\CODEIGNITER 4\writable\uploads/11): Failed to open stream: Permission denied
in APPPATH\Controllers\FormController.php on line 91.
 1 [internal function]: CodeIgniter\Debug\Exceptions->errorHandler(2, 'readfile(C:\\laragon\\www\\CapstoneProject\\front\\CODEIGNITER 4\\writable\\uploads/11): Failed to open stream: Permission denied', 'C:\\laragon\\www\\CapstoneProject\\front\\CODEIGNITER 4\\app\\Controllers\\FormController.php', 91)
 2 APPPATH\Controllers\FormController.php(91): readfile('C:\\laragon\\www\\CapstoneProject\\front\\CODEIGNITER 4\\writable\\uploads/11')
 3 SYSTEMPATH\CodeIgniter.php(942): App\Controllers\FormController->download('11')
 4 SYSTEMPATH\CodeIgniter.php(502): CodeIgniter\CodeIgniter->runController(Object(App\Controllers\FormController))
 5 SYSTEMPATH\CodeIgniter.php(361): CodeIgniter\CodeIgniter->handleRequest(null, Object(Config\Cache), false)
 6 FCPATH\index.php(85): CodeIgniter\CodeIgniter->run()
 7 SYSTEMPATH\Commands\Server\rewrite.php(47): require_once('C:\\laragon\\www\\CapstoneProject\\front\\CODEIGNITER 4\\public\\index.php')
CRITICAL - 2024-05-16 02:21:51 --> readfile(C:\laragon\www\CapstoneProject\front\CODEIGNITER 4\writable\uploads/11): Failed to open stream: Permission denied
in APPPATH\Controllers\FormController.php on line 91.
 1 [internal function]: CodeIgniter\Debug\Exceptions->errorHandler(2, 'readfile(C:\\laragon\\www\\CapstoneProject\\front\\CODEIGNITER 4\\writable\\uploads/11): Failed to open stream: Permission denied', 'C:\\laragon\\www\\CapstoneProject\\front\\CODEIGNITER 4\\app\\Controllers\\FormController.php', 91)
 2 APPPATH\Controllers\FormController.php(91): readfile('C:\\laragon\\www\\CapstoneProject\\front\\CODEIGNITER 4\\writable\\uploads/11')
 3 SYSTEMPATH\CodeIgniter.php(942): App\Controllers\FormController->download('11')
 4 SYSTEMPATH\CodeIgniter.php(502): CodeIgniter\CodeIgniter->runController(Object(App\Controllers\FormController))
 5 SYSTEMPATH\CodeIgniter.php(361): CodeIgniter\CodeIgniter->handleRequest(null, Object(Config\Cache), false)
 6 FCPATH\index.php(85): CodeIgniter\CodeIgniter->run()
 7 SYSTEMPATH\Commands\Server\rewrite.php(47): require_once('C:\\laragon\\www\\CapstoneProject\\front\\CODEIGNITER 4\\public\\index.php')
CRITICAL - 2024-05-16 02:23:05 --> readfile(C:\laragon\www\CapstoneProject\front\CODEIGNITER 4\writable\uploads/12xp-instagram-articleLarge): Failed to open stream: Permission denied
in APPPATH\Controllers\FormController.php on line 91.
 1 [internal function]: CodeIgniter\Debug\Exceptions->errorHandler(2, 'readfile(C:\\laragon\\www\\CapstoneProject\\front\\CODEIGNITER 4\\writable\\uploads/12xp-instagram-articleLarge): Failed to open stream: Permission denied', 'C:\\laragon\\www\\CapstoneProject\\front\\CODEIGNITER 4\\app\\Controllers\\FormController.php', 91)
 2 APPPATH\Controllers\FormController.php(91): readfile('C:\\laragon\\www\\CapstoneProject\\front\\CODEIGNITER 4\\writable\\uploads/12xp-instagram-articleLarge')
 3 SYSTEMPATH\CodeIgniter.php(942): App\Controllers\FormController->download('12xp-instagram-articleLarge')
 4 SYSTEMPATH\CodeIgniter.php(502): CodeIgniter\CodeIgniter->runController(Object(App\Controllers\FormController))
 5 SYSTEMPATH\CodeIgniter.php(361): CodeIgniter\CodeIgniter->handleRequest(null, Object(Config\Cache), false)
 6 FCPATH\index.php(85): CodeIgniter\CodeIgniter->run()
 7 SYSTEMPATH\Commands\Server\rewrite.php(47): require_once('C:\\laragon\\www\\CapstoneProject\\front\\CODEIGNITER 4\\public\\index.php')
CRITICAL - 2024-05-16 02:23:06 --> readfile(C:\laragon\www\CapstoneProject\front\CODEIGNITER 4\writable\uploads/12xp-instagram-articleLarge): Failed to open stream: Permission denied
in APPPATH\Controllers\FormController.php on line 91.
 1 [internal function]: CodeIgniter\Debug\Exceptions->errorHandler(2, 'readfile(C:\\laragon\\www\\CapstoneProject\\front\\CODEIGNITER 4\\writable\\uploads/12xp-instagram-articleLarge): Failed to open stream: Permission denied', 'C:\\laragon\\www\\CapstoneProject\\front\\CODEIGNITER 4\\app\\Controllers\\FormController.php', 91)
 2 APPPATH\Controllers\FormController.php(91): readfile('C:\\laragon\\www\\CapstoneProject\\front\\CODEIGNITER 4\\writable\\uploads/12xp-instagram-articleLarge')
 3 SYSTEMPATH\CodeIgniter.php(942): App\Controllers\FormController->download('12xp-instagram-articleLarge')
 4 SYSTEMPATH\CodeIgniter.php(502): CodeIgniter\CodeIgniter->runController(Object(App\Controllers\FormController))
 5 SYSTEMPATH\CodeIgniter.php(361): CodeIgniter\CodeIgniter->handleRequest(null, Object(Config\Cache), false)
 6 FCPATH\index.php(85): CodeIgniter\CodeIgniter->run()
 7 SYSTEMPATH\Commands\Server\rewrite.php(47): require_once('C:\\laragon\\www\\CapstoneProject\\front\\CODEIGNITER 4\\public\\index.php')
CRITICAL - 2024-05-16 02:23:06 --> readfile(C:\laragon\www\CapstoneProject\front\CODEIGNITER 4\writable\uploads/11): Failed to open stream: Permission denied
in APPPATH\Controllers\FormController.php on line 91.
 1 [internal function]: CodeIgniter\Debug\Exceptions->errorHandler(2, 'readfile(C:\\laragon\\www\\CapstoneProject\\front\\CODEIGNITER 4\\writable\\uploads/11): Failed to open stream: Permission denied', 'C:\\laragon\\www\\CapstoneProject\\front\\CODEIGNITER 4\\app\\Controllers\\FormController.php', 91)
 2 APPPATH\Controllers\FormController.php(91): readfile('C:\\laragon\\www\\CapstoneProject\\front\\CODEIGNITER 4\\writable\\uploads/11')
 3 SYSTEMPATH\CodeIgniter.php(942): App\Controllers\FormController->download('11')
 4 SYSTEMPATH\CodeIgniter.php(502): CodeIgniter\CodeIgniter->runController(Object(App\Controllers\FormController))
 5 SYSTEMPATH\CodeIgniter.php(361): CodeIgniter\CodeIgniter->handleRequest(null, Object(Config\Cache), false)
 6 FCPATH\index.php(85): CodeIgniter\CodeIgniter->run()
 7 SYSTEMPATH\Commands\Server\rewrite.php(47): require_once('C:\\laragon\\www\\CapstoneProject\\front\\CODEIGNITER 4\\public\\index.php')
CRITICAL - 2024-05-16 02:23:41 --> Call to undefined function App\Controllers\force_download()
in APPPATH\Controllers\FormController.php on line 89.
 1 SYSTEMPATH\CodeIgniter.php(942): App\Controllers\FormController->download('12xp-instagram-articleLarge.webp')
 2 SYSTEMPATH\CodeIgniter.php(502): CodeIgniter\CodeIgniter->runController(Object(App\Controllers\FormController))
 3 SYSTEMPATH\CodeIgniter.php(361): CodeIgniter\CodeIgniter->handleRequest(null, Object(Config\Cache), false)
 4 FCPATH\index.php(85): CodeIgniter\CodeIgniter->run()
 5 SYSTEMPATH\Commands\Server\rewrite.php(47): require_once('C:\\laragon\\www\\CapstoneProject\\front\\CODEIGNITER 4\\public\\index.php')
CRITICAL - 2024-05-16 02:23:43 --> Call to undefined function App\Controllers\force_download()
in APPPATH\Controllers\FormController.php on line 89.
 1 SYSTEMPATH\CodeIgniter.php(942): App\Controllers\FormController->download('12xp-instagram-articleLarge.webp')
 2 SYSTEMPATH\CodeIgniter.php(502): CodeIgniter\CodeIgniter->runController(Object(App\Controllers\FormController))
 3 SYSTEMPATH\CodeIgniter.php(361): CodeIgniter\CodeIgniter->handleRequest(null, Object(Config\Cache), false)
 4 FCPATH\index.php(85): CodeIgniter\CodeIgniter->run()
 5 SYSTEMPATH\Commands\Server\rewrite.php(47): require_once('C:\\laragon\\www\\CapstoneProject\\front\\CODEIGNITER 4\\public\\index.php')
CRITICAL - 2024-05-16 02:23:43 --> Call to undefined function App\Controllers\force_download()
in APPPATH\Controllers\FormController.php on line 89.
 1 SYSTEMPATH\CodeIgniter.php(942): App\Controllers\FormController->download('12xp-instagram-articleLarge.webp')
 2 SYSTEMPATH\CodeIgniter.php(502): CodeIgniter\CodeIgniter->runController(Object(App\Controllers\FormController))
 3 SYSTEMPATH\CodeIgniter.php(361): CodeIgniter\CodeIgniter->handleRequest(null, Object(Config\Cache), false)
 4 FCPATH\index.php(85): CodeIgniter\CodeIgniter->run()
 5 SYSTEMPATH\Commands\Server\rewrite.php(47): require_once('C:\\laragon\\www\\CapstoneProject\\front\\CODEIGNITER 4\\public\\index.php')
CRITICAL - 2024-05-16 02:23:43 --> Call to undefined function App\Controllers\force_download()
in APPPATH\Controllers\FormController.php on line 89.
 1 SYSTEMPATH\CodeIgniter.php(942): App\Controllers\FormController->download('12xp-instagram-articleLarge.webp')
 2 SYSTEMPATH\CodeIgniter.php(502): CodeIgniter\CodeIgniter->runController(Object(App\Controllers\FormController))
 3 SYSTEMPATH\CodeIgniter.php(361): CodeIgniter\CodeIgniter->handleRequest(null, Object(Config\Cache), false)
 4 FCPATH\index.php(85): CodeIgniter\CodeIgniter->run()
 5 SYSTEMPATH\Commands\Server\rewrite.php(47): require_once('C:\\laragon\\www\\CapstoneProject\\front\\CODEIGNITER 4\\public\\index.php')
CRITICAL - 2024-05-16 02:23:43 --> Call to undefined function App\Controllers\force_download()
in APPPATH\Controllers\FormController.php on line 89.
 1 SYSTEMPATH\CodeIgniter.php(942): App\Controllers\FormController->download('12xp-instagram-articleLarge.webp')
 2 SYSTEMPATH\CodeIgniter.php(502): CodeIgniter\CodeIgniter->runController(Object(App\Controllers\FormController))
 3 SYSTEMPATH\CodeIgniter.php(361): CodeIgniter\CodeIgniter->handleRequest(null, Object(Config\Cache), false)
 4 FCPATH\index.php(85): CodeIgniter\CodeIgniter->run()
 5 SYSTEMPATH\Commands\Server\rewrite.php(47): require_once('C:\\laragon\\www\\CapstoneProject\\front\\CODEIGNITER 4\\public\\index.php')
CRITICAL - 2024-05-16 02:23:43 --> Call to undefined function App\Controllers\force_download()
in APPPATH\Controllers\FormController.php on line 89.
 1 SYSTEMPATH\CodeIgniter.php(942): App\Controllers\FormController->download('12xp-instagram-articleLarge.webp')
 2 SYSTEMPATH\CodeIgniter.php(502): CodeIgniter\CodeIgniter->runController(Object(App\Controllers\FormController))
 3 SYSTEMPATH\CodeIgniter.php(361): CodeIgniter\CodeIgniter->handleRequest(null, Object(Config\Cache), false)
 4 FCPATH\index.php(85): CodeIgniter\CodeIgniter->run()
 5 SYSTEMPATH\Commands\Server\rewrite.php(47): require_once('C:\\laragon\\www\\CapstoneProject\\front\\CODEIGNITER 4\\public\\index.php')
CRITICAL - 2024-05-16 02:23:43 --> Call to undefined function App\Controllers\force_download()
in APPPATH\Controllers\FormController.php on line 89.
 1 SYSTEMPATH\CodeIgniter.php(942): App\Controllers\FormController->download('12xp-instagram-articleLarge.webp')
 2 SYSTEMPATH\CodeIgniter.php(502): CodeIgniter\CodeIgniter->runController(Object(App\Controllers\FormController))
 3 SYSTEMPATH\CodeIgniter.php(361): CodeIgniter\CodeIgniter->handleRequest(null, Object(Config\Cache), false)
 4 FCPATH\index.php(85): CodeIgniter\CodeIgniter->run()
 5 SYSTEMPATH\Commands\Server\rewrite.php(47): require_once('C:\\laragon\\www\\CapstoneProject\\front\\CODEIGNITER 4\\public\\index.php')
CRITICAL - 2024-05-16 02:24:16 --> Call to undefined function App\Controllers\force_download()
in APPPATH\Controllers\FormController.php on line 89.
 1 SYSTEMPATH\CodeIgniter.php(942): App\Controllers\FormController->download('12xp-instagram-articleLarge.webp')
 2 SYSTEMPATH\CodeIgniter.php(502): CodeIgniter\CodeIgniter->runController(Object(App\Controllers\FormController))
 3 SYSTEMPATH\CodeIgniter.php(361): CodeIgniter\CodeIgniter->handleRequest(null, Object(Config\Cache), false)
 4 FCPATH\index.php(85): CodeIgniter\CodeIgniter->run()
 5 SYSTEMPATH\Commands\Server\rewrite.php(47): require_once('C:\\laragon\\www\\CapstoneProject\\front\\CODEIGNITER 4\\public\\index.php')
CRITICAL - 2024-05-16 02:28:21 --> Call to undefined function App\Controllers\force_download()
in APPPATH\Controllers\FormController.php on line 89.
 1 SYSTEMPATH\CodeIgniter.php(942): App\Controllers\FormController->download('12xp-instagram-articleLarge.webp')
 2 SYSTEMPATH\CodeIgniter.php(502): CodeIgniter\CodeIgniter->runController(Object(App\Controllers\FormController))
 3 SYSTEMPATH\CodeIgniter.php(361): CodeIgniter\CodeIgniter->handleRequest(null, Object(Config\Cache), false)
 4 FCPATH\index.php(85): CodeIgniter\CodeIgniter->run()
 5 SYSTEMPATH\Commands\Server\rewrite.php(47): require_once('C:\\laragon\\www\\CapstoneProject\\front\\CODEIGNITER 4\\public\\index.php')
CRITICAL - 2024-05-16 02:28:23 --> Call to undefined function App\Controllers\force_download()
in APPPATH\Controllers\FormController.php on line 89.
 1 SYSTEMPATH\CodeIgniter.php(942): App\Controllers\FormController->download('12xp-instagram-articleLarge.webp')
 2 SYSTEMPATH\CodeIgniter.php(502): CodeIgniter\CodeIgniter->runController(Object(App\Controllers\FormController))
 3 SYSTEMPATH\CodeIgniter.php(361): CodeIgniter\CodeIgniter->handleRequest(null, Object(Config\Cache), false)
 4 FCPATH\index.php(85): CodeIgniter\CodeIgniter->run()
 5 SYSTEMPATH\Commands\Server\rewrite.php(47): require_once('C:\\laragon\\www\\CapstoneProject\\front\\CODEIGNITER 4\\public\\index.php')
CRITICAL - 2024-05-16 02:28:23 --> Call to undefined function App\Controllers\force_download()
in APPPATH\Controllers\FormController.php on line 89.
 1 SYSTEMPATH\CodeIgniter.php(942): App\Controllers\FormController->download('12xp-instagram-articleLarge.webp')
 2 SYSTEMPATH\CodeIgniter.php(502): CodeIgniter\CodeIgniter->runController(Object(App\Controllers\FormController))
 3 SYSTEMPATH\CodeIgniter.php(361): CodeIgniter\CodeIgniter->handleRequest(null, Object(Config\Cache), false)
 4 FCPATH\index.php(85): CodeIgniter\CodeIgniter->run()
 5 SYSTEMPATH\Commands\Server\rewrite.php(47): require_once('C:\\laragon\\www\\CapstoneProject\\front\\CODEIGNITER 4\\public\\index.php')
CRITICAL - 2024-05-16 02:28:23 --> Call to undefined function App\Controllers\force_download()
in APPPATH\Controllers\FormController.php on line 89.
 1 SYSTEMPATH\CodeIgniter.php(942): App\Controllers\FormController->download('12xp-instagram-articleLarge.webp')
 2 SYSTEMPATH\CodeIgniter.php(502): CodeIgniter\CodeIgniter->runController(Object(App\Controllers\FormController))
 3 SYSTEMPATH\CodeIgniter.php(361): CodeIgniter\CodeIgniter->handleRequest(null, Object(Config\Cache), false)
 4 FCPATH\index.php(85): CodeIgniter\CodeIgniter->run()
 5 SYSTEMPATH\Commands\Server\rewrite.php(47): require_once('C:\\laragon\\www\\CapstoneProject\\front\\CODEIGNITER 4\\public\\index.php')
CRITICAL - 2024-05-16 02:29:33 --> readfile(C:\laragon\www\CapstoneProject\front\CODEIGNITER 4\writable\uploads/11): Failed to open stream: Permission denied
in APPPATH\Controllers\FormController.php on line 91.
 1 [internal function]: CodeIgniter\Debug\Exceptions->errorHandler(2, 'readfile(C:\\laragon\\www\\CapstoneProject\\front\\CODEIGNITER 4\\writable\\uploads/11): Failed to open stream: Permission denied', 'C:\\laragon\\www\\CapstoneProject\\front\\CODEIGNITER 4\\app\\Controllers\\FormController.php', 91)
 2 APPPATH\Controllers\FormController.php(91): readfile('C:\\laragon\\www\\CapstoneProject\\front\\CODEIGNITER 4\\writable\\uploads/11')
 3 SYSTEMPATH\CodeIgniter.php(942): App\Controllers\FormController->download('11')
 4 SYSTEMPATH\CodeIgniter.php(502): CodeIgniter\CodeIgniter->runController(Object(App\Controllers\FormController))
 5 SYSTEMPATH\CodeIgniter.php(361): CodeIgniter\CodeIgniter->handleRequest(null, Object(Config\Cache), false)
 6 FCPATH\index.php(85): CodeIgniter\CodeIgniter->run()
 7 SYSTEMPATH\Commands\Server\rewrite.php(47): require_once('C:\\laragon\\www\\CapstoneProject\\front\\CODEIGNITER 4\\public\\index.php')
CRITICAL - 2024-05-16 02:30:01 --> Call to undefined function App\Controllers\force_download()
in APPPATH\Controllers\FormController.php on line 89.
 1 SYSTEMPATH\CodeIgniter.php(942): App\Controllers\FormController->download('12xp-instagram-articleLarge.webp')
 2 SYSTEMPATH\CodeIgniter.php(502): CodeIgniter\CodeIgniter->runController(Object(App\Controllers\FormController))
 3 SYSTEMPATH\CodeIgniter.php(361): CodeIgniter\CodeIgniter->handleRequest(null, Object(Config\Cache), false)
 4 FCPATH\index.php(85): CodeIgniter\CodeIgniter->run()
 5 SYSTEMPATH\Commands\Server\rewrite.php(47): require_once('C:\\laragon\\www\\CapstoneProject\\front\\CODEIGNITER 4\\public\\index.php')
CRITICAL - 2024-05-16 02:30:03 --> Call to undefined function App\Controllers\force_download()
in APPPATH\Controllers\FormController.php on line 89.
 1 SYSTEMPATH\CodeIgniter.php(942): App\Controllers\FormController->download('12xp-instagram-articleLarge.webp')
 2 SYSTEMPATH\CodeIgniter.php(502): CodeIgniter\CodeIgniter->runController(Object(App\Controllers\FormController))
 3 SYSTEMPATH\CodeIgniter.php(361): CodeIgniter\CodeIgniter->handleRequest(null, Object(Config\Cache), false)
 4 FCPATH\index.php(85): CodeIgniter\CodeIgniter->run()
 5 SYSTEMPATH\Commands\Server\rewrite.php(47): require_once('C:\\laragon\\www\\CapstoneProject\\front\\CODEIGNITER 4\\public\\index.php')
CRITICAL - 2024-05-16 02:31:03 --> Call to undefined function App\Controllers\force_download()
in APPPATH\Controllers\FormController.php on line 89.
 1 SYSTEMPATH\CodeIgniter.php(942): App\Controllers\FormController->download('12xp-instagram-articleLarge.webp')
 2 SYSTEMPATH\CodeIgniter.php(502): CodeIgniter\CodeIgniter->runController(Object(App\Controllers\FormController))
 3 SYSTEMPATH\CodeIgniter.php(361): CodeIgniter\CodeIgniter->handleRequest(null, Object(Config\Cache), false)
 4 FCPATH\index.php(85): CodeIgniter\CodeIgniter->run()
 5 SYSTEMPATH\Commands\Server\rewrite.php(47): require_once('C:\\laragon\\www\\CapstoneProject\\front\\CODEIGNITER 4\\public\\index.php')
CRITICAL - 2024-05-16 02:33:47 --> Call to undefined function App\Controllers\force_download()
in APPPATH\Controllers\FormController.php on line 89.
 1 SYSTEMPATH\CodeIgniter.php(942): App\Controllers\FormController->download('12xp-instagram-articleLarge.webp')
 2 SYSTEMPATH\CodeIgniter.php(502): CodeIgniter\CodeIgniter->runController(Object(App\Controllers\FormController))
 3 SYSTEMPATH\CodeIgniter.php(361): CodeIgniter\CodeIgniter->handleRequest(null, Object(Config\Cache), false)
 4 FCPATH\index.php(85): CodeIgniter\CodeIgniter->run()
 5 SYSTEMPATH\Commands\Server\rewrite.php(47): require_once('C:\\laragon\\www\\CapstoneProject\\front\\CODEIGNITER 4\\public\\index.php')
CRITICAL - 2024-05-16 02:45:07 --> Call to undefined function App\Controllers\force_download()
in APPPATH\Controllers\FormController.php on line 97.
 1 SYSTEMPATH\CodeIgniter.php(942): App\Controllers\FormController->download('12xp-instagram-articleLarge.webp')
 2 SYSTEMPATH\CodeIgniter.php(502): CodeIgniter\CodeIgniter->runController(Object(App\Controllers\FormController))
 3 SYSTEMPATH\CodeIgniter.php(361): CodeIgniter\CodeIgniter->handleRequest(null, Object(Config\Cache), false)
 4 FCPATH\index.php(85): CodeIgniter\CodeIgniter->run()
 5 SYSTEMPATH\Commands\Server\rewrite.php(47): require_once('C:\\laragon\\www\\CapstoneProject\\front\\CODEIGNITER 4\\public\\index.php')
CRITICAL - 2024-05-16 02:45:08 --> Call to undefined function App\Controllers\force_download()
in APPPATH\Controllers\FormController.php on line 97.
 1 SYSTEMPATH\CodeIgniter.php(942): App\Controllers\FormController->download('12xp-instagram-articleLarge.webp')
 2 SYSTEMPATH\CodeIgniter.php(502): CodeIgniter\CodeIgniter->runController(Object(App\Controllers\FormController))
 3 SYSTEMPATH\CodeIgniter.php(361): CodeIgniter\CodeIgniter->handleRequest(null, Object(Config\Cache), false)
 4 FCPATH\index.php(85): CodeIgniter\CodeIgniter->run()
 5 SYSTEMPATH\Commands\Server\rewrite.php(47): require_once('C:\\laragon\\www\\CapstoneProject\\front\\CODEIGNITER 4\\public\\index.php')
CRITICAL - 2024-05-16 02:45:08 --> Call to undefined function App\Controllers\force_download()
in APPPATH\Controllers\FormController.php on line 97.
 1 SYSTEMPATH\CodeIgniter.php(942): App\Controllers\FormController->download('12xp-instagram-articleLarge.webp')
 2 SYSTEMPATH\CodeIgniter.php(502): CodeIgniter\CodeIgniter->runController(Object(App\Controllers\FormController))
 3 SYSTEMPATH\CodeIgniter.php(361): CodeIgniter\CodeIgniter->handleRequest(null, Object(Config\Cache), false)
 4 FCPATH\index.php(85): CodeIgniter\CodeIgniter->run()
 5 SYSTEMPATH\Commands\Server\rewrite.php(47): require_once('C:\\laragon\\www\\CapstoneProject\\front\\CODEIGNITER 4\\public\\index.php')
CRITICAL - 2024-05-16 02:45:08 --> Call to undefined function App\Controllers\force_download()
in APPPATH\Controllers\FormController.php on line 97.
 1 SYSTEMPATH\CodeIgniter.php(942): App\Controllers\FormController->download('12xp-instagram-articleLarge.webp')
 2 SYSTEMPATH\CodeIgniter.php(502): CodeIgniter\CodeIgniter->runController(Object(App\Controllers\FormController))
 3 SYSTEMPATH\CodeIgniter.php(361): CodeIgniter\CodeIgniter->handleRequest(null, Object(Config\Cache), false)
 4 FCPATH\index.php(85): CodeIgniter\CodeIgniter->run()
 5 SYSTEMPATH\Commands\Server\rewrite.php(47): require_once('C:\\laragon\\www\\CapstoneProject\\front\\CODEIGNITER 4\\public\\index.php')
CRITICAL - 2024-05-16 02:45:09 --> Call to undefined function App\Controllers\force_download()
in APPPATH\Controllers\FormController.php on line 97.
 1 SYSTEMPATH\CodeIgniter.php(942): App\Controllers\FormController->download('12xp-instagram-articleLarge.webp')
 2 SYSTEMPATH\CodeIgniter.php(502): CodeIgniter\CodeIgniter->runController(Object(App\Controllers\FormController))
 3 SYSTEMPATH\CodeIgniter.php(361): CodeIgniter\CodeIgniter->handleRequest(null, Object(Config\Cache), false)
 4 FCPATH\index.php(85): CodeIgniter\CodeIgniter->run()
 5 SYSTEMPATH\Commands\Server\rewrite.php(47): require_once('C:\\laragon\\www\\CapstoneProject\\front\\CODEIGNITER 4\\public\\index.php')
CRITICAL - 2024-05-16 02:45:09 --> Call to undefined function App\Controllers\force_download()
in APPPATH\Controllers\FormController.php on line 97.
 1 SYSTEMPATH\CodeIgniter.php(942): App\Controllers\FormController->download('12xp-instagram-articleLarge.webp')
 2 SYSTEMPATH\CodeIgniter.php(502): CodeIgniter\CodeIgniter->runController(Object(App\Controllers\FormController))
 3 SYSTEMPATH\CodeIgniter.php(361): CodeIgniter\CodeIgniter->handleRequest(null, Object(Config\Cache), false)
 4 FCPATH\index.php(85): CodeIgniter\CodeIgniter->run()
 5 SYSTEMPATH\Commands\Server\rewrite.php(47): require_once('C:\\laragon\\www\\CapstoneProject\\front\\CODEIGNITER 4\\public\\index.php')
CRITICAL - 2024-05-16 02:45:09 --> Call to undefined function App\Controllers\force_download()
in APPPATH\Controllers\FormController.php on line 97.
 1 SYSTEMPATH\CodeIgniter.php(942): App\Controllers\FormController->download('12xp-instagram-articleLarge.webp')
 2 SYSTEMPATH\CodeIgniter.php(502): CodeIgniter\CodeIgniter->runController(Object(App\Controllers\FormController))
 3 SYSTEMPATH\CodeIgniter.php(361): CodeIgniter\CodeIgniter->handleRequest(null, Object(Config\Cache), false)
 4 FCPATH\index.php(85): CodeIgniter\CodeIgniter->run()
 5 SYSTEMPATH\Commands\Server\rewrite.php(47): require_once('C:\\laragon\\www\\CapstoneProject\\front\\CODEIGNITER 4\\public\\index.php')
CRITICAL - 2024-05-16 02:45:11 --> Call to undefined function App\Controllers\force_download()
in APPPATH\Controllers\FormController.php on line 97.
 1 SYSTEMPATH\CodeIgniter.php(942): App\Controllers\FormController->download('12xp-instagram-articleLarge.webp')
 2 SYSTEMPATH\CodeIgniter.php(502): CodeIgniter\CodeIgniter->runController(Object(App\Controllers\FormController))
 3 SYSTEMPATH\CodeIgniter.php(361): CodeIgniter\CodeIgniter->handleRequest(null, Object(Config\Cache), false)
 4 FCPATH\index.php(85): CodeIgniter\CodeIgniter->run()
 5 SYSTEMPATH\Commands\Server\rewrite.php(47): require_once('C:\\laragon\\www\\CapstoneProject\\front\\CODEIGNITER 4\\public\\index.php')
CRITICAL - 2024-05-16 02:45:11 --> Call to undefined function App\Controllers\force_download()
in APPPATH\Controllers\FormController.php on line 97.
 1 SYSTEMPATH\CodeIgniter.php(942): App\Controllers\FormController->download('12xp-instagram-articleLarge.webp')
 2 SYSTEMPATH\CodeIgniter.php(502): CodeIgniter\CodeIgniter->runController(Object(App\Controllers\FormController))
 3 SYSTEMPATH\CodeIgniter.php(361): CodeIgniter\CodeIgniter->handleRequest(null, Object(Config\Cache), false)
 4 FCPATH\index.php(85): CodeIgniter\CodeIgniter->run()
 5 SYSTEMPATH\Commands\Server\rewrite.php(47): require_once('C:\\laragon\\www\\CapstoneProject\\front\\CODEIGNITER 4\\public\\index.php')
CRITICAL - 2024-05-16 02:46:12 --> Call to undefined function App\Controllers\force_download()
in APPPATH\Controllers\FormController.php on line 97.
 1 SYSTEMPATH\CodeIgniter.php(942): App\Controllers\FormController->download('12xp-instagram-articleLarge.webp')
 2 SYSTEMPATH\CodeIgniter.php(502): CodeIgniter\CodeIgniter->runController(Object(App\Controllers\FormController))
 3 SYSTEMPATH\CodeIgniter.php(361): CodeIgniter\CodeIgniter->handleRequest(null, Object(Config\Cache), false)
 4 FCPATH\index.php(85): CodeIgniter\CodeIgniter->run()
 5 SYSTEMPATH\Commands\Server\rewrite.php(47): require_once('C:\\laragon\\www\\CapstoneProject\\front\\CODEIGNITER 4\\public\\index.php')
CRITICAL - 2024-05-16 02:46:13 --> Call to undefined function App\Controllers\force_download()
in APPPATH\Controllers\FormController.php on line 97.
 1 SYSTEMPATH\CodeIgniter.php(942): App\Controllers\FormController->download('12xp-instagram-articleLarge.webp')
 2 SYSTEMPATH\CodeIgniter.php(502): CodeIgniter\CodeIgniter->runController(Object(App\Controllers\FormController))
 3 SYSTEMPATH\CodeIgniter.php(361): CodeIgniter\CodeIgniter->handleRequest(null, Object(Config\Cache), false)
 4 FCPATH\index.php(85): CodeIgniter\CodeIgniter->run()
 5 SYSTEMPATH\Commands\Server\rewrite.php(47): require_once('C:\\laragon\\www\\CapstoneProject\\front\\CODEIGNITER 4\\public\\index.php')
CRITICAL - 2024-05-16 02:46:13 --> Call to undefined function App\Controllers\force_download()
in APPPATH\Controllers\FormController.php on line 97.
 1 SYSTEMPATH\CodeIgniter.php(942): App\Controllers\FormController->download('12xp-instagram-articleLarge.webp')
 2 SYSTEMPATH\CodeIgniter.php(502): CodeIgniter\CodeIgniter->runController(Object(App\Controllers\FormController))
 3 SYSTEMPATH\CodeIgniter.php(361): CodeIgniter\CodeIgniter->handleRequest(null, Object(Config\Cache), false)
 4 FCPATH\index.php(85): CodeIgniter\CodeIgniter->run()
 5 SYSTEMPATH\Commands\Server\rewrite.php(47): require_once('C:\\laragon\\www\\CapstoneProject\\front\\CODEIGNITER 4\\public\\index.php')
CRITICAL - 2024-05-16 02:46:13 --> Call to undefined function App\Controllers\force_download()
in APPPATH\Controllers\FormController.php on line 97.
 1 SYSTEMPATH\CodeIgniter.php(942): App\Controllers\FormController->download('12xp-instagram-articleLarge.webp')
 2 SYSTEMPATH\CodeIgniter.php(502): CodeIgniter\CodeIgniter->runController(Object(App\Controllers\FormController))
 3 SYSTEMPATH\CodeIgniter.php(361): CodeIgniter\CodeIgniter->handleRequest(null, Object(Config\Cache), false)
 4 FCPATH\index.php(85): CodeIgniter\CodeIgniter->run()
 5 SYSTEMPATH\Commands\Server\rewrite.php(47): require_once('C:\\laragon\\www\\CapstoneProject\\front\\CODEIGNITER 4\\public\\index.php')
CRITICAL - 2024-05-16 03:01:37 --> Call to a member function isValid() on null
in APPPATH\Controllers\FormController.php on line 51.
 1 SYSTEMPATH\CodeIgniter.php(942): App\Controllers\FormController->upload()
 2 SYSTEMPATH\CodeIgniter.php(502): CodeIgniter\CodeIgniter->runController(Object(App\Controllers\FormController))
 3 SYSTEMPATH\CodeIgniter.php(361): CodeIgniter\CodeIgniter->handleRequest(null, Object(Config\Cache), false)
 4 FCPATH\index.php(85): CodeIgniter\CodeIgniter->run()
 5 SYSTEMPATH\Commands\Server\rewrite.php(47): require_once('C:\\laragon\\www\\CapstoneProject\\front\\CODEIGNITER 4\\public\\index.php')
CRITICAL - 2024-05-16 03:02:38 --> Call to a member function isValid() on null
in APPPATH\Controllers\FormController.php on line 51.
 1 SYSTEMPATH\CodeIgniter.php(942): App\Controllers\FormController->upload()
 2 SYSTEMPATH\CodeIgniter.php(502): CodeIgniter\CodeIgniter->runController(Object(App\Controllers\FormController))
 3 SYSTEMPATH\CodeIgniter.php(361): CodeIgniter\CodeIgniter->handleRequest(null, Object(Config\Cache), false)
 4 FCPATH\index.php(85): CodeIgniter\CodeIgniter->run()
 5 SYSTEMPATH\Commands\Server\rewrite.php(47): require_once('C:\\laragon\\www\\CapstoneProject\\front\\CODEIGNITER 4\\public\\index.php')
CRITICAL - 2024-05-16 03:02:38 --> Call to a member function isValid() on null
in APPPATH\Controllers\FormController.php on line 51.
 1 SYSTEMPATH\CodeIgniter.php(942): App\Controllers\FormController->upload()
 2 SYSTEMPATH\CodeIgniter.php(502): CodeIgniter\CodeIgniter->runController(Object(App\Controllers\FormController))
 3 SYSTEMPATH\CodeIgniter.php(361): CodeIgniter\CodeIgniter->handleRequest(null, Object(Config\Cache), false)
 4 FCPATH\index.php(85): CodeIgniter\CodeIgniter->run()
 5 SYSTEMPATH\Commands\Server\rewrite.php(47): require_once('C:\\laragon\\www\\CapstoneProject\\front\\CODEIGNITER 4\\public\\index.php')
CRITICAL - 2024-05-16 03:02:38 --> Call to a member function isValid() on null
in APPPATH\Controllers\FormController.php on line 51.
 1 SYSTEMPATH\CodeIgniter.php(942): App\Controllers\FormController->upload()
 2 SYSTEMPATH\CodeIgniter.php(502): CodeIgniter\CodeIgniter->runController(Object(App\Controllers\FormController))
 3 SYSTEMPATH\CodeIgniter.php(361): CodeIgniter\CodeIgniter->handleRequest(null, Object(Config\Cache), false)
 4 FCPATH\index.php(85): CodeIgniter\CodeIgniter->run()
 5 SYSTEMPATH\Commands\Server\rewrite.php(47): require_once('C:\\laragon\\www\\CapstoneProject\\front\\CODEIGNITER 4\\public\\index.php')
ERROR - 2024-05-16 03:17:44 --> mysqli_sql_exception: Table 'pcga.alerts' doesn't exist in C:\laragon\www\CapstoneProject\front\CODEIGNITER 4\system\Database\MySQLi\Connection.php:306
Stack trace:
#0 C:\laragon\www\CapstoneProject\front\CODEIGNITER 4\system\Database\MySQLi\Connection.php(306): mysqli->query('SELECT COUNT(*)...', 0)
#1 C:\laragon\www\CapstoneProject\front\CODEIGNITER 4\system\Database\BaseConnection.php(693): CodeIgniter\Database\MySQLi\Connection->execute('SELECT COUNT(*)...')
#2 C:\laragon\www\CapstoneProject\front\CODEIGNITER 4\system\Database\BaseConnection.php(607): CodeIgniter\Database\BaseConnection->simpleQuery('SELECT COUNT(*)...')
#3 C:\laragon\www\CapstoneProject\front\CODEIGNITER 4\system\Database\BaseBuilder.php(1644): CodeIgniter\Database\BaseConnection->query('SELECT COUNT(*)...', NULL, false)
#4 C:\laragon\www\CapstoneProject\front\CODEIGNITER 4\system\Model.php(871): CodeIgniter\Database\BaseBuilder->countAll()
#5 C:\laragon\www\CapstoneProject\front\CODEIGNITER 4\app\Controllers\OverviewController.php(40): CodeIgniter\Model->__call('countAll', Array)
#6 C:\laragon\www\CapstoneProject\front\CODEIGNITER 4\app\Controllers\OverviewController.php(22): App\Controllers\OverviewController->getActiveAlertsCount()
#7 C:\laragon\www\CapstoneProject\front\CODEIGNITER 4\system\CodeIgniter.php(942): App\Controllers\OverviewController->index()
#8 C:\laragon\www\CapstoneProject\front\CODEIGNITER 4\system\CodeIgniter.php(502): CodeIgniter\CodeIgniter->runController(Object(App\Controllers\OverviewController))
#9 C:\laragon\www\CapstoneProject\front\CODEIGNITER 4\system\CodeIgniter.php(361): CodeIgniter\CodeIgniter->handleRequest(NULL, Object(Config\Cache), false)
#10 C:\laragon\www\CapstoneProject\front\CODEIGNITER 4\public\index.php(85): CodeIgniter\CodeIgniter->run()
#11 C:\laragon\www\CapstoneProject\front\CODEIGNITER 4\system\Commands\Server\rewrite.php(47): require_once('C:\\laragon\\www\\...')
#12 {main}
CRITICAL - 2024-05-16 03:17:44 --> Table 'pcga.alerts' doesn't exist
in SYSTEMPATH\Database\BaseConnection.php on line 647.
 1 SYSTEMPATH\Database\BaseBuilder.php(1644): CodeIgniter\Database\BaseConnection->query('SELECT COUNT(*) AS `numrows` FROM `alerts`', null, false)
 2 SYSTEMPATH\Model.php(871): CodeIgniter\Database\BaseBuilder->countAll()
 3 APPPATH\Controllers\OverviewController.php(40): CodeIgniter\Model->__call('countAll', [])
 4 APPPATH\Controllers\OverviewController.php(22): App\Controllers\OverviewController->getActiveAlertsCount()
 5 SYSTEMPATH\CodeIgniter.php(942): App\Controllers\OverviewController->index()
 6 SYSTEMPATH\CodeIgniter.php(502): CodeIgniter\CodeIgniter->runController(Object(App\Controllers\OverviewController))
 7 SYSTEMPATH\CodeIgniter.php(361): CodeIgniter\CodeIgniter->handleRequest(null, Object(Config\Cache), false)
 8 FCPATH\index.php(85): CodeIgniter\CodeIgniter->run()
 9 SYSTEMPATH\Commands\Server\rewrite.php(47): require_once('C:\\laragon\\www\\CapstoneProject\\front\\CODEIGNITER 4\\public\\index.php')
ERROR - 2024-05-16 03:44:26 --> mysqli_sql_exception: Table 'pcga.alerts' doesn't exist in C:\laragon\www\CapstoneProject\front\CODEIGNITER 4\system\Database\MySQLi\Connection.php:306
Stack trace:
#0 C:\laragon\www\CapstoneProject\front\CODEIGNITER 4\system\Database\MySQLi\Connection.php(306): mysqli->query('SELECT COUNT(*)...', 0)
#1 C:\laragon\www\CapstoneProject\front\CODEIGNITER 4\system\Database\BaseConnection.php(693): CodeIgniter\Database\MySQLi\Connection->execute('SELECT COUNT(*)...')
#2 C:\laragon\www\CapstoneProject\front\CODEIGNITER 4\system\Database\BaseConnection.php(607): CodeIgniter\Database\BaseConnection->simpleQuery('SELECT COUNT(*)...')
#3 C:\laragon\www\CapstoneProject\front\CODEIGNITER 4\system\Database\BaseBuilder.php(1644): CodeIgniter\Database\BaseConnection->query('SELECT COUNT(*)...', NULL, false)
#4 C:\laragon\www\CapstoneProject\front\CODEIGNITER 4\system\Model.php(871): CodeIgniter\Database\BaseBuilder->countAll()
#5 C:\laragon\www\CapstoneProject\front\CODEIGNITER 4\app\Controllers\OverviewController.php(40): CodeIgniter\Model->__call('countAll', Array)
#6 C:\laragon\www\CapstoneProject\front\CODEIGNITER 4\app\Controllers\OverviewController.php(22): App\Controllers\OverviewController->getActiveAlertsCount()
#7 C:\laragon\www\CapstoneProject\front\CODEIGNITER 4\system\CodeIgniter.php(942): App\Controllers\OverviewController->index()
#8 C:\laragon\www\CapstoneProject\front\CODEIGNITER 4\system\CodeIgniter.php(502): CodeIgniter\CodeIgniter->runController(Object(App\Controllers\OverviewController))
#9 C:\laragon\www\CapstoneProject\front\CODEIGNITER 4\system\CodeIgniter.php(361): CodeIgniter\CodeIgniter->handleRequest(NULL, Object(Config\Cache), false)
#10 C:\laragon\www\CapstoneProject\front\CODEIGNITER 4\public\index.php(85): CodeIgniter\CodeIgniter->run()
#11 C:\laragon\www\CapstoneProject\front\CODEIGNITER 4\system\Commands\Server\rewrite.php(47): require_once('C:\\laragon\\www\\...')
#12 {main}
CRITICAL - 2024-05-16 03:44:26 --> Table 'pcga.alerts' doesn't exist
in SYSTEMPATH\Database\BaseConnection.php on line 647.
 1 SYSTEMPATH\Database\BaseBuilder.php(1644): CodeIgniter\Database\BaseConnection->query('SELECT COUNT(*) AS `numrows` FROM `alerts`', null, false)
 2 SYSTEMPATH\Model.php(871): CodeIgniter\Database\BaseBuilder->countAll()
 3 APPPATH\Controllers\OverviewController.php(40): CodeIgniter\Model->__call('countAll', [])
 4 APPPATH\Controllers\OverviewController.php(22): App\Controllers\OverviewController->getActiveAlertsCount()
 5 SYSTEMPATH\CodeIgniter.php(942): App\Controllers\OverviewController->index()
 6 SYSTEMPATH\CodeIgniter.php(502): CodeIgniter\CodeIgniter->runController(Object(App\Controllers\OverviewController))
 7 SYSTEMPATH\CodeIgniter.php(361): CodeIgniter\CodeIgniter->handleRequest(null, Object(Config\Cache), false)
 8 FCPATH\index.php(85): CodeIgniter\CodeIgniter->run()
 9 SYSTEMPATH\Commands\Server\rewrite.php(47): require_once('C:\\laragon\\www\\CapstoneProject\\front\\CODEIGNITER 4\\public\\index.php')
ERROR - 2024-05-16 03:44:32 --> mysqli_sql_exception: Table 'pcga.alerts' doesn't exist in C:\laragon\www\CapstoneProject\front\CODEIGNITER 4\system\Database\MySQLi\Connection.php:306
Stack trace:
#0 C:\laragon\www\CapstoneProject\front\CODEIGNITER 4\system\Database\MySQLi\Connection.php(306): mysqli->query('SELECT COUNT(*)...', 0)
#1 C:\laragon\www\CapstoneProject\front\CODEIGNITER 4\system\Database\BaseConnection.php(693): CodeIgniter\Database\MySQLi\Connection->execute('SELECT COUNT(*)...')
#2 C:\laragon\www\CapstoneProject\front\CODEIGNITER 4\system\Database\BaseConnection.php(607): CodeIgniter\Database\BaseConnection->simpleQuery('SELECT COUNT(*)...')
#3 C:\laragon\www\CapstoneProject\front\CODEIGNITER 4\system\Database\BaseBuilder.php(1644): CodeIgniter\Database\BaseConnection->query('SELECT COUNT(*)...', NULL, false)
#4 C:\laragon\www\CapstoneProject\front\CODEIGNITER 4\system\Model.php(871): CodeIgniter\Database\BaseBuilder->countAll()
#5 C:\laragon\www\CapstoneProject\front\CODEIGNITER 4\app\Controllers\OverviewController.php(40): CodeIgniter\Model->__call('countAll', Array)
#6 C:\laragon\www\CapstoneProject\front\CODEIGNITER 4\app\Controllers\OverviewController.php(22): App\Controllers\OverviewController->getActiveAlertsCount()
#7 C:\laragon\www\CapstoneProject\front\CODEIGNITER 4\system\CodeIgniter.php(942): App\Controllers\OverviewController->index()
#8 C:\laragon\www\CapstoneProject\front\CODEIGNITER 4\system\CodeIgniter.php(502): CodeIgniter\CodeIgniter->runController(Object(App\Controllers\OverviewController))
#9 C:\laragon\www\CapstoneProject\front\CODEIGNITER 4\system\CodeIgniter.php(361): CodeIgniter\CodeIgniter->handleRequest(NULL, Object(Config\Cache), false)
#10 C:\laragon\www\CapstoneProject\front\CODEIGNITER 4\public\index.php(85): CodeIgniter\CodeIgniter->run()
#11 C:\laragon\www\CapstoneProject\front\CODEIGNITER 4\system\Commands\Server\rewrite.php(47): require_once('C:\\laragon\\www\\...')
#12 {main}
CRITICAL - 2024-05-16 03:44:32 --> Table 'pcga.alerts' doesn't exist
in SYSTEMPATH\Database\BaseConnection.php on line 647.
 1 SYSTEMPATH\Database\BaseBuilder.php(1644): CodeIgniter\Database\BaseConnection->query('SELECT COUNT(*) AS `numrows` FROM `alerts`', null, false)
 2 SYSTEMPATH\Model.php(871): CodeIgniter\Database\BaseBuilder->countAll()
 3 APPPATH\Controllers\OverviewController.php(40): CodeIgniter\Model->__call('countAll', [])
 4 APPPATH\Controllers\OverviewController.php(22): App\Controllers\OverviewController->getActiveAlertsCount()
 5 SYSTEMPATH\CodeIgniter.php(942): App\Controllers\OverviewController->index()
 6 SYSTEMPATH\CodeIgniter.php(502): CodeIgniter\CodeIgniter->runController(Object(App\Controllers\OverviewController))
 7 SYSTEMPATH\CodeIgniter.php(361): CodeIgniter\CodeIgniter->handleRequest(null, Object(Config\Cache), false)
 8 FCPATH\index.php(85): CodeIgniter\CodeIgniter->run()
 9 SYSTEMPATH\Commands\Server\rewrite.php(47): require_once('C:\\laragon\\www\\CapstoneProject\\front\\CODEIGNITER 4\\public\\index.php')
CRITICAL - 2024-05-16 03:50:34 --> Call to a member function isValid() on null
in APPPATH\Controllers\FormController.php on line 45.
 1 SYSTEMPATH\CodeIgniter.php(942): App\Controllers\FormController->upload()
 2 SYSTEMPATH\CodeIgniter.php(502): CodeIgniter\CodeIgniter->runController(Object(App\Controllers\FormController))
 3 SYSTEMPATH\CodeIgniter.php(361): CodeIgniter\CodeIgniter->handleRequest(null, Object(Config\Cache), false)
 4 FCPATH\index.php(85): CodeIgniter\CodeIgniter->run()
 5 SYSTEMPATH\Commands\Server\rewrite.php(47): require_once('C:\\laragon\\www\\CapstoneProject\\front\\CODEIGNITER 4\\public\\index.php')
ERROR - 2024-05-16 03:54:04 --> mysqli_sql_exception: Table 'pcga.alerts' doesn't exist in C:\laragon\www\CapstoneProject\front\CODEIGNITER 4\system\Database\MySQLi\Connection.php:306
Stack trace:
#0 C:\laragon\www\CapstoneProject\front\CODEIGNITER 4\system\Database\MySQLi\Connection.php(306): mysqli->query('SELECT COUNT(*)...', 0)
#1 C:\laragon\www\CapstoneProject\front\CODEIGNITER 4\system\Database\BaseConnection.php(693): CodeIgniter\Database\MySQLi\Connection->execute('SELECT COUNT(*)...')
#2 C:\laragon\www\CapstoneProject\front\CODEIGNITER 4\system\Database\BaseConnection.php(607): CodeIgniter\Database\BaseConnection->simpleQuery('SELECT COUNT(*)...')
#3 C:\laragon\www\CapstoneProject\front\CODEIGNITER 4\system\Database\BaseBuilder.php(1644): CodeIgniter\Database\BaseConnection->query('SELECT COUNT(*)...', NULL, false)
#4 C:\laragon\www\CapstoneProject\front\CODEIGNITER 4\system\Model.php(871): CodeIgniter\Database\BaseBuilder->countAll()
#5 C:\laragon\www\CapstoneProject\front\CODEIGNITER 4\app\Controllers\OverviewController.php(40): CodeIgniter\Model->__call('countAll', Array)
#6 C:\laragon\www\CapstoneProject\front\CODEIGNITER 4\app\Controllers\OverviewController.php(22): App\Controllers\OverviewController->getActiveAlertsCount()
#7 C:\laragon\www\CapstoneProject\front\CODEIGNITER 4\system\CodeIgniter.php(942): App\Controllers\OverviewController->index()
#8 C:\laragon\www\CapstoneProject\front\CODEIGNITER 4\system\CodeIgniter.php(502): CodeIgniter\CodeIgniter->runController(Object(App\Controllers\OverviewController))
#9 C:\laragon\www\CapstoneProject\front\CODEIGNITER 4\system\CodeIgniter.php(361): CodeIgniter\CodeIgniter->handleRequest(NULL, Object(Config\Cache), false)
#10 C:\laragon\www\CapstoneProject\front\CODEIGNITER 4\public\index.php(85): CodeIgniter\CodeIgniter->run()
#11 C:\laragon\www\CapstoneProject\front\CODEIGNITER 4\system\Commands\Server\rewrite.php(47): require_once('C:\\laragon\\www\\...')
#12 {main}
CRITICAL - 2024-05-16 03:54:04 --> Table 'pcga.alerts' doesn't exist
in SYSTEMPATH\Database\BaseConnection.php on line 647.
 1 SYSTEMPATH\Database\BaseBuilder.php(1644): CodeIgniter\Database\BaseConnection->query('SELECT COUNT(*) AS `numrows` FROM `alerts`', null, false)
 2 SYSTEMPATH\Model.php(871): CodeIgniter\Database\BaseBuilder->countAll()
 3 APPPATH\Controllers\OverviewController.php(40): CodeIgniter\Model->__call('countAll', [])
 4 APPPATH\Controllers\OverviewController.php(22): App\Controllers\OverviewController->getActiveAlertsCount()
 5 SYSTEMPATH\CodeIgniter.php(942): App\Controllers\OverviewController->index()
 6 SYSTEMPATH\CodeIgniter.php(502): CodeIgniter\CodeIgniter->runController(Object(App\Controllers\OverviewController))
 7 SYSTEMPATH\CodeIgniter.php(361): CodeIgniter\CodeIgniter->handleRequest(null, Object(Config\Cache), false)
 8 FCPATH\index.php(85): CodeIgniter\CodeIgniter->run()
 9 SYSTEMPATH\Commands\Server\rewrite.php(47): require_once('C:\\laragon\\www\\CapstoneProject\\front\\CODEIGNITER 4\\public\\index.php')
