CRITICAL - 2024-05-21 15:55:36 --> Undefined property: App\Controllers\FormController::$idModel
in APPPATH\Controllers\FormController.php on line 36.
 1 APPPATH\Controllers\FormController.php(36): CodeIgniter\Debug\Exceptions->errorHandler(2, 'Undefined property: App\\Controllers\\FormController::$idModel', 'C:\\laragon\\www\\CapstoneProject\\front\\CODEIGNITER 4\\app\\Controllers\\FormController.php', 36)
 2 SYSTEMPATH\CodeIgniter.php(942): App\Controllers\FormController->fetchData()
 3 SYSTEMPATH\CodeIgniter.php(502): CodeIgniter\CodeIgniter->runController(Object(App\Controllers\FormController))
 4 SYSTEMPATH\CodeIgniter.php(361): CodeIgniter\CodeIgniter->handleRequest(null, Object(Config\Cache), false)
 5 FCPATH\index.php(85): CodeIgniter\CodeIgniter->run()
 6 SYSTEMPATH\Commands\Server\rewrite.php(47): require_once('C:\\laragon\\www\\CapstoneProject\\front\\CODEIGNITER 4\\public\\index.php')
CRITICAL - 2024-05-21 15:57:27 --> syntax error, unexpected token ";", expecting "{"
in APPPATH\Controllers\FormController.php on line 10.
 1 SYSTEMPATH\Autoloader\Autoloader.php(291): CodeIgniter\Autoloader\Autoloader->includeFile('C:\\laragon\\www\\CapstoneProject\\front\\CODEIGNITER 4\\app\\Controllers\\FormController.php')
 2 SYSTEMPATH\Autoloader\Autoloader.php(269): CodeIgniter\Autoloader\Autoloader->loadInNamespace('App\\Controllers\\FormController')
 3 [internal function]: CodeIgniter\Autoloader\Autoloader->loadClass('App\\Controllers\\FormController')
 4 SYSTEMPATH\CodeIgniter.php(900): class_exists('\\App\\Controllers\\FormController', true)
 5 SYSTEMPATH\CodeIgniter.php(489): CodeIgniter\CodeIgniter->startController()
 6 SYSTEMPATH\CodeIgniter.php(361): CodeIgniter\CodeIgniter->handleRequest(null, Object(Config\Cache), false)
 7 FCPATH\index.php(85): CodeIgniter\CodeIgniter->run()
 8 SYSTEMPATH\Commands\Server\rewrite.php(47): require_once('C:\\laragon\\www\\CapstoneProject\\front\\CODEIGNITER 4\\public\\index.php')
CRITICAL - 2024-05-21 15:57:37 --> Undefined property: App\Controllers\FormController::$IdModel
in APPPATH\Controllers\FormController.php on line 36.
 1 APPPATH\Controllers\FormController.php(36): CodeIgniter\Debug\Exceptions->errorHandler(2, 'Undefined property: App\\Controllers\\FormController::$IdModel', 'C:\\laragon\\www\\CapstoneProject\\front\\CODEIGNITER 4\\app\\Controllers\\FormController.php', 36)
 2 SYSTEMPATH\CodeIgniter.php(942): App\Controllers\FormController->fetchData()
 3 SYSTEMPATH\CodeIgniter.php(502): CodeIgniter\CodeIgniter->runController(Object(App\Controllers\FormController))
 4 SYSTEMPATH\CodeIgniter.php(361): CodeIgniter\CodeIgniter->handleRequest(null, Object(Config\Cache), false)
 5 FCPATH\index.php(85): CodeIgniter\CodeIgniter->run()
 6 SYSTEMPATH\Commands\Server\rewrite.php(47): require_once('C:\\laragon\\www\\CapstoneProject\\front\\CODEIGNITER 4\\public\\index.php')
CRITICAL - 2024-05-21 15:58:28 --> Undefined property: App\Controllers\FormController::$IdModel
in APPPATH\Controllers\FormController.php on line 36.
 1 APPPATH\Controllers\FormController.php(36): CodeIgniter\Debug\Exceptions->errorHandler(2, 'Undefined property: App\\Controllers\\FormController::$IdModel', 'C:\\laragon\\www\\CapstoneProject\\front\\CODEIGNITER 4\\app\\Controllers\\FormController.php', 36)
 2 SYSTEMPATH\CodeIgniter.php(942): App\Controllers\FormController->fetchData()
 3 SYSTEMPATH\CodeIgniter.php(502): CodeIgniter\CodeIgniter->runController(Object(App\Controllers\FormController))
 4 SYSTEMPATH\CodeIgniter.php(361): CodeIgniter\CodeIgniter->handleRequest(null, Object(Config\Cache), false)
 5 FCPATH\index.php(85): CodeIgniter\CodeIgniter->run()
 6 SYSTEMPATH\Commands\Server\rewrite.php(47): require_once('C:\\laragon\\www\\CapstoneProject\\front\\CODEIGNITER 4\\public\\index.php')
CRITICAL - 2024-05-21 16:01:23 --> Undefined property: App\Controllers\FormController::$IdModel
in APPPATH\Controllers\FormController.php on line 37.
 1 APPPATH\Controllers\FormController.php(37): CodeIgniter\Debug\Exceptions->errorHandler(2, 'Undefined property: App\\Controllers\\FormController::$IdModel', 'C:\\laragon\\www\\CapstoneProject\\front\\CODEIGNITER 4\\app\\Controllers\\FormController.php', 37)
 2 SYSTEMPATH\CodeIgniter.php(942): App\Controllers\FormController->fetchData()
 3 SYSTEMPATH\CodeIgniter.php(502): CodeIgniter\CodeIgniter->runController(Object(App\Controllers\FormController))
 4 SYSTEMPATH\CodeIgniter.php(361): CodeIgniter\CodeIgniter->handleRequest(null, Object(Config\Cache), false)
 5 FCPATH\index.php(85): CodeIgniter\CodeIgniter->run()
 6 SYSTEMPATH\Commands\Server\rewrite.php(47): require_once('C:\\laragon\\www\\CapstoneProject\\front\\CODEIGNITER 4\\public\\index.php')
