CRITICAL - 2024-05-04 06:16:38 --> There is no data to insert.
in SYSTEMPATH\BaseModel.php on line 1726.
 1 SYSTEMPATH\BaseModel.php(1726): CodeIgniter\Database\Exceptions\DataException::forEmptyDataset('insert')
 2 SYSTEMPATH\BaseModel.php(748): CodeIgniter\BaseModel->transformDataToArray(null, 'insert')
 3 SYSTEMPATH\Model.php(715): CodeIgniter\BaseModel->insert(null, true)
 4 APPPATH\Controllers\RcgaApplicationController.php(22): CodeIgniter\Model->insert(null)
 5 SYSTEMPATH\CodeIgniter.php(942): App\Controllers\RcgaApplicationController->passForm()
 6 SYSTEMPATH\CodeIgniter.php(502): CodeIgniter\CodeIgniter->runController(Object(App\Controllers\RcgaApplicationController))
 7 SYSTEMPATH\CodeIgniter.php(361): CodeIgniter\CodeIgniter->handleRequest(null, Object(Config\Cache), false)
 8 FCPATH\index.php(85): CodeIgniter\CodeIgniter->run()
 9 SYSTEMPATH\Commands\Server\rewrite.php(47): require_once('C:\\laragon\\www\\CapstoneProject\\front\\CODEIGNITER 4\\public\\index.php')
CRITICAL - 2024-05-04 06:17:44 --> There is no data to insert.
in SYSTEMPATH\BaseModel.php on line 1726.
 1 SYSTEMPATH\BaseModel.php(1726): CodeIgniter\Database\Exceptions\DataException::forEmptyDataset('insert')
 2 SYSTEMPATH\BaseModel.php(748): CodeIgniter\BaseModel->transformDataToArray(null, 'insert')
 3 SYSTEMPATH\Model.php(715): CodeIgniter\BaseModel->insert(null, true)
 4 APPPATH\Controllers\RcgaApplicationController.php(22): CodeIgniter\Model->insert(null)
 5 SYSTEMPATH\CodeIgniter.php(942): App\Controllers\RcgaApplicationController->passForm()
 6 SYSTEMPATH\CodeIgniter.php(502): CodeIgniter\CodeIgniter->runController(Object(App\Controllers\RcgaApplicationController))
 7 SYSTEMPATH\CodeIgniter.php(361): CodeIgniter\CodeIgniter->handleRequest(null, Object(Config\Cache), false)
 8 FCPATH\index.php(85): CodeIgniter\CodeIgniter->run()
 9 SYSTEMPATH\Commands\Server\rewrite.php(47): require_once('C:\\laragon\\www\\CapstoneProject\\front\\CODEIGNITER 4\\public\\index.php')
CRITICAL - 2024-05-04 06:19:35 --> There is no data to insert.
in SYSTEMPATH\BaseModel.php on line 1726.
 1 SYSTEMPATH\BaseModel.php(1726): CodeIgniter\Database\Exceptions\DataException::forEmptyDataset('insert')
 2 SYSTEMPATH\BaseModel.php(748): CodeIgniter\BaseModel->transformDataToArray(null, 'insert')
 3 SYSTEMPATH\Model.php(715): CodeIgniter\BaseModel->insert(null, true)
 4 APPPATH\Controllers\RcgaApplicationController.php(22): CodeIgniter\Model->insert(null)
 5 SYSTEMPATH\CodeIgniter.php(942): App\Controllers\RcgaApplicationController->passForm()
 6 SYSTEMPATH\CodeIgniter.php(502): CodeIgniter\CodeIgniter->runController(Object(App\Controllers\RcgaApplicationController))
 7 SYSTEMPATH\CodeIgniter.php(361): CodeIgniter\CodeIgniter->handleRequest(null, Object(Config\Cache), false)
 8 FCPATH\index.php(85): CodeIgniter\CodeIgniter->run()
 9 SYSTEMPATH\Commands\Server\rewrite.php(47): require_once('C:\\laragon\\www\\CapstoneProject\\front\\CODEIGNITER 4\\public\\index.php')
CRITICAL - 2024-05-04 06:19:36 --> There is no data to insert.
in SYSTEMPATH\BaseModel.php on line 1726.
 1 SYSTEMPATH\BaseModel.php(1726): CodeIgniter\Database\Exceptions\DataException::forEmptyDataset('insert')
 2 SYSTEMPATH\BaseModel.php(748): CodeIgniter\BaseModel->transformDataToArray(null, 'insert')
 3 SYSTEMPATH\Model.php(715): CodeIgniter\BaseModel->insert(null, true)
 4 APPPATH\Controllers\RcgaApplicationController.php(22): CodeIgniter\Model->insert(null)
 5 SYSTEMPATH\CodeIgniter.php(942): App\Controllers\RcgaApplicationController->passForm()
 6 SYSTEMPATH\CodeIgniter.php(502): CodeIgniter\CodeIgniter->runController(Object(App\Controllers\RcgaApplicationController))
 7 SYSTEMPATH\CodeIgniter.php(361): CodeIgniter\CodeIgniter->handleRequest(null, Object(Config\Cache), false)
 8 FCPATH\index.php(85): CodeIgniter\CodeIgniter->run()
 9 SYSTEMPATH\Commands\Server\rewrite.php(47): require_once('C:\\laragon\\www\\CapstoneProject\\front\\CODEIGNITER 4\\public\\index.php')
CRITICAL - 2024-05-04 06:21:45 --> There is no data to insert.
in SYSTEMPATH\BaseModel.php on line 1726.
 1 SYSTEMPATH\BaseModel.php(1726): CodeIgniter\Database\Exceptions\DataException::forEmptyDataset('insert')
 2 SYSTEMPATH\BaseModel.php(748): CodeIgniter\BaseModel->transformDataToArray(null, 'insert')
 3 SYSTEMPATH\Model.php(715): CodeIgniter\BaseModel->insert(null, true)
 4 APPPATH\Controllers\RcgaApplicationController.php(22): CodeIgniter\Model->insert(null)
 5 SYSTEMPATH\CodeIgniter.php(942): App\Controllers\RcgaApplicationController->passForm()
 6 SYSTEMPATH\CodeIgniter.php(502): CodeIgniter\CodeIgniter->runController(Object(App\Controllers\RcgaApplicationController))
 7 SYSTEMPATH\CodeIgniter.php(361): CodeIgniter\CodeIgniter->handleRequest(null, Object(Config\Cache), false)
 8 FCPATH\index.php(85): CodeIgniter\CodeIgniter->run()
 9 SYSTEMPATH\Commands\Server\rewrite.php(47): require_once('C:\\laragon\\www\\CapstoneProject\\front\\CODEIGNITER 4\\public\\index.php')
CRITICAL - 2024-05-04 06:21:45 --> There is no data to insert.
in SYSTEMPATH\BaseModel.php on line 1726.
 1 SYSTEMPATH\BaseModel.php(1726): CodeIgniter\Database\Exceptions\DataException::forEmptyDataset('insert')
 2 SYSTEMPATH\BaseModel.php(748): CodeIgniter\BaseModel->transformDataToArray(null, 'insert')
 3 SYSTEMPATH\Model.php(715): CodeIgniter\BaseModel->insert(null, true)
 4 APPPATH\Controllers\RcgaApplicationController.php(22): CodeIgniter\Model->insert(null)
 5 SYSTEMPATH\CodeIgniter.php(942): App\Controllers\RcgaApplicationController->passForm()
 6 SYSTEMPATH\CodeIgniter.php(502): CodeIgniter\CodeIgniter->runController(Object(App\Controllers\RcgaApplicationController))
 7 SYSTEMPATH\CodeIgniter.php(361): CodeIgniter\CodeIgniter->handleRequest(null, Object(Config\Cache), false)
 8 FCPATH\index.php(85): CodeIgniter\CodeIgniter->run()
 9 SYSTEMPATH\Commands\Server\rewrite.php(47): require_once('C:\\laragon\\www\\CapstoneProject\\front\\CODEIGNITER 4\\public\\index.php')
CRITICAL - 2024-05-04 06:21:46 --> There is no data to insert.
in SYSTEMPATH\BaseModel.php on line 1726.
 1 SYSTEMPATH\BaseModel.php(1726): CodeIgniter\Database\Exceptions\DataException::forEmptyDataset('insert')
 2 SYSTEMPATH\BaseModel.php(748): CodeIgniter\BaseModel->transformDataToArray(null, 'insert')
 3 SYSTEMPATH\Model.php(715): CodeIgniter\BaseModel->insert(null, true)
 4 APPPATH\Controllers\RcgaApplicationController.php(22): CodeIgniter\Model->insert(null)
 5 SYSTEMPATH\CodeIgniter.php(942): App\Controllers\RcgaApplicationController->passForm()
 6 SYSTEMPATH\CodeIgniter.php(502): CodeIgniter\CodeIgniter->runController(Object(App\Controllers\RcgaApplicationController))
 7 SYSTEMPATH\CodeIgniter.php(361): CodeIgniter\CodeIgniter->handleRequest(null, Object(Config\Cache), false)
 8 FCPATH\index.php(85): CodeIgniter\CodeIgniter->run()
 9 SYSTEMPATH\Commands\Server\rewrite.php(47): require_once('C:\\laragon\\www\\CapstoneProject\\front\\CODEIGNITER 4\\public\\index.php')
CRITICAL - 2024-05-04 06:21:46 --> There is no data to insert.
in SYSTEMPATH\BaseModel.php on line 1726.
 1 SYSTEMPATH\BaseModel.php(1726): CodeIgniter\Database\Exceptions\DataException::forEmptyDataset('insert')
 2 SYSTEMPATH\BaseModel.php(748): CodeIgniter\BaseModel->transformDataToArray(null, 'insert')
 3 SYSTEMPATH\Model.php(715): CodeIgniter\BaseModel->insert(null, true)
 4 APPPATH\Controllers\RcgaApplicationController.php(22): CodeIgniter\Model->insert(null)
 5 SYSTEMPATH\CodeIgniter.php(942): App\Controllers\RcgaApplicationController->passForm()
 6 SYSTEMPATH\CodeIgniter.php(502): CodeIgniter\CodeIgniter->runController(Object(App\Controllers\RcgaApplicationController))
 7 SYSTEMPATH\CodeIgniter.php(361): CodeIgniter\CodeIgniter->handleRequest(null, Object(Config\Cache), false)
 8 FCPATH\index.php(85): CodeIgniter\CodeIgniter->run()
 9 SYSTEMPATH\Commands\Server\rewrite.php(47): require_once('C:\\laragon\\www\\CapstoneProject\\front\\CODEIGNITER 4\\public\\index.php')
CRITICAL - 2024-05-04 06:33:40 --> There is no data to insert.
in SYSTEMPATH\BaseModel.php on line 1726.
 1 SYSTEMPATH\BaseModel.php(1726): CodeIgniter\Database\Exceptions\DataException::forEmptyDataset('insert')
 2 SYSTEMPATH\BaseModel.php(748): CodeIgniter\BaseModel->transformDataToArray(null, 'insert')
 3 SYSTEMPATH\Model.php(715): CodeIgniter\BaseModel->insert(null, true)
 4 APPPATH\Controllers\RcgaApplicationController.php(22): CodeIgniter\Model->insert(null)
 5 SYSTEMPATH\CodeIgniter.php(942): App\Controllers\RcgaApplicationController->passForm()
 6 SYSTEMPATH\CodeIgniter.php(502): CodeIgniter\CodeIgniter->runController(Object(App\Controllers\RcgaApplicationController))
 7 SYSTEMPATH\CodeIgniter.php(361): CodeIgniter\CodeIgniter->handleRequest(null, Object(Config\Cache), false)
 8 FCPATH\index.php(85): CodeIgniter\CodeIgniter->run()
 9 SYSTEMPATH\Commands\Server\rewrite.php(47): require_once('C:\\laragon\\www\\CapstoneProject\\front\\CODEIGNITER 4\\public\\index.php')
